mode: set
cryptorun/exchanges/kraken/mock.go:9.62,11.90 2 0
cryptorun/exchanges/kraken/mock.go:11.90,13.35 2 0
cryptorun/exchanges/kraken/mock.go:13.35,15.11 1 0
cryptorun/exchanges/kraken/mock.go:17.3,18.78 2 0
cryptorun/exchanges/coinbase/book_stub.go:18.34,18.56 1 0
cryptorun/exchanges/coinbase/book_stub.go:19.90,21.2 1 0
cryptorun/infra/breakers/breakers.go:10.32,14.47 4 0
cryptorun/infra/breakers/breakers.go:14.47,15.38 1 0
cryptorun/infra/breakers/breakers.go:15.38,17.4 1 0
cryptorun/infra/breakers/breakers.go:18.3,19.17 2 0
cryptorun/infra/breakers/breakers.go:19.17,21.4 1 0
cryptorun/infra/breakers/breakers.go:22.3,22.58 1 0
cryptorun/infra/breakers/breakers.go:22.58,24.4 1 0
cryptorun/infra/breakers/breakers.go:25.3,25.15 1 0
cryptorun/infra/breakers/breakers.go:27.2,27.47 1 0
cryptorun/infra/breakers/breakers.go:30.64,30.91 1 0
cryptorun/data/prices.go:17.26,17.64 1 0
cryptorun/data/prices.go:20.117,21.41 1 0
cryptorun/data/prices.go:21.41,23.3 1 0
cryptorun/data/prices.go:24.2,25.17 2 0
cryptorun/data/prices.go:25.17,27.3 1 0
cryptorun/data/prices.go:28.2,28.16 1 0
cryptorun/data/prices.go:28.16,30.3 1 0
cryptorun/data/prices.go:31.2,32.31 2 0
cryptorun/data/prices.go:32.31,37.37 2 0
cryptorun/data/prices.go:37.37,39.4 1 0
cryptorun/data/prices.go:41.2,48.16 8 0
cryptorun/data/prices.go:48.16,50.3 1 0
cryptorun/data/prices.go:51.2,53.65 3 0
cryptorun/data/prices.go:53.65,55.3 1 0
cryptorun/data/prices.go:56.2,58.25 3 0
cryptorun/data/prices.go:58.25,59.17 1 0
cryptorun/data/prices.go:59.17,60.12 1 0
cryptorun/data/prices.go:62.3,66.25 5 0
cryptorun/data/prices.go:68.2,73.25 3 0
cryptorun/exchanges/okx/book_stub.go:18.34,18.56 1 0
cryptorun/exchanges/okx/book_stub.go:19.90,21.2 1 0
cryptorun/factors/orthogonal.go:5.45,6.17 1 0
cryptorun/factors/orthogonal.go:6.17,8.3 1 0
cryptorun/factors/orthogonal.go:9.2,12.19 4 0
cryptorun/factors/orthogonal.go:12.19,14.3 1 0
cryptorun/factors/orthogonal.go:15.2,17.25 3 0
cryptorun/factors/orthogonal.go:17.25,19.26 1 0
cryptorun/factors/orthogonal.go:19.26,21.27 2 0
cryptorun/factors/orthogonal.go:21.27,23.5 1 0
cryptorun/factors/orthogonal.go:25.3,26.18 2 0
cryptorun/factors/orthogonal.go:28.2,28.10 1 0
cryptorun/factors/orthogonal.go:31.34,33.19 2 0
cryptorun/factors/orthogonal.go:33.19,35.3 1 0
cryptorun/factors/orthogonal.go:36.2,36.10 1 0
cryptorun/factors/orthogonal.go:38.29,40.22 2 0
cryptorun/factors/orthogonal.go:40.22,42.3 1 0
cryptorun/factors/orthogonal.go:43.2,43.12 1 0
cryptorun/factors/orthogonal.go:43.12,45.3 1 0
cryptorun/factors/orthogonal.go:46.2,47.19 2 0
cryptorun/factors/orthogonal.go:47.19,49.3 1 0
cryptorun/factors/orthogonal.go:51.30,53.26 2 0
cryptorun/factors/orthogonal.go:53.26,55.3 1 0
cryptorun/factors/orthogonal.go:56.2,56.11 1 0
cryptorun/factors/orthogonal.go:56.11,58.3 1 0
cryptorun/factors/orthogonal.go:59.2,59.10 1 0
cryptorun/exchanges/binance/book.go:33.34,33.85 1 0
cryptorun/exchanges/binance/book.go:35.90,39.9 4 0
cryptorun/exchanges/binance/book.go:39.9,43.3 3 0
cryptorun/exchanges/binance/book.go:44.2,45.25 2 0
cryptorun/exchanges/binance/book.go:58.32,58.82 1 0
cryptorun/exchanges/binance/book.go:60.22,65.6 3 0
cryptorun/exchanges/binance/book.go:65.6,67.17 2 0
cryptorun/exchanges/binance/book.go:67.17,69.12 2 0
cryptorun/exchanges/binance/book.go:71.3,72.39 2 0
cryptorun/exchanges/binance/book.go:72.39,72.110 2 0
cryptorun/exchanges/binance/book.go:73.3,73.7 1 0
cryptorun/exchanges/binance/book.go:73.7,75.18 2 0
cryptorun/exchanges/binance/book.go:75.18,77.10 2 0
cryptorun/exchanges/binance/book.go:79.4,84.52 3 0
cryptorun/exchanges/binance/book.go:84.52,85.13 1 0
cryptorun/exchanges/binance/book.go:87.4,89.35 3 0
cryptorun/exchanges/binance/book.go:91.3,91.30 1 0
cryptorun/exchanges/binance/book.go:95.34,98.16 3 0
cryptorun/exchanges/binance/book.go:98.16,100.3 1 0
cryptorun/exchanges/binance/book.go:101.2,106.64 3 0
cryptorun/exchanges/binance/book.go:106.64,108.3 1 0
cryptorun/exchanges/binance/book.go:109.2,112.32 4 0
cryptorun/exchanges/binance/book.go:115.40,117.22 2 0
cryptorun/exchanges/binance/book.go:117.22,118.17 1 0
cryptorun/exchanges/binance/book.go:118.17,119.12 1 0
cryptorun/exchanges/binance/book.go:121.3,124.13 4 0
cryptorun/exchanges/binance/book.go:124.13,125.12 1 0
cryptorun/exchanges/binance/book.go:127.3,127.39 1 0
cryptorun/exchanges/binance/book.go:130.2,130.12 1 0
cryptorun/exchanges/binance/book.go:133.61,137.21 3 0
cryptorun/exchanges/binance/book.go:137.21,139.3 1 0
cryptorun/exchanges/binance/book.go:140.2,140.21 1 0
cryptorun/exchanges/binance/book.go:140.21,142.3 1 0
cryptorun/exchanges/binance/book.go:145.47,150.2 4 0
cryptorun/exchanges/binance/book.go:152.43,155.42 3 0
cryptorun/exchanges/binance/book.go:155.42,157.3 1 0
cryptorun/exchanges/binance/book.go:159.2,163.13 5 0
cryptorun/exchanges/binance/book.go:163.13,165.3 1 0
cryptorun/exchanges/binance/book.go:167.2,171.28 4 0
cryptorun/exchanges/binance/book.go:171.28,172.17 1 0
cryptorun/exchanges/binance/book.go:172.17,173.9 1 0
cryptorun/exchanges/binance/book.go:175.3,175.26 1 0
cryptorun/exchanges/binance/book.go:178.2,178.28 1 0
cryptorun/exchanges/binance/book.go:178.28,179.18 1 0
cryptorun/exchanges/binance/book.go:179.18,180.9 1 0
cryptorun/exchanges/binance/book.go:182.3,182.26 1 0
cryptorun/exchanges/binance/book.go:185.2,186.38 2 0
cryptorun/exchanges/binance/book.go:186.38,186.64 1 0
cryptorun/exchanges/binance/book.go:187.2,188.26 2 0
cryptorun/exchanges/binance/book.go:188.26,190.3 1 0
cryptorun/exchanges/binance/book.go:191.2,191.108 1 0
cryptorun/data/cache/cache.go:26.18,26.63 1 0
cryptorun/data/cache/cache.go:28.49,32.57 4 0
cryptorun/data/cache/cache.go:32.57,34.3 1 0
cryptorun/data/cache/cache.go:35.2,35.18 1 0
cryptorun/data/cache/cache.go:37.65,41.13 4 0
cryptorun/data/cache/cache.go:41.13,43.3 1 0
cryptorun/data/cache/cache.go:44.2,44.14 1 0
cryptorun/data/cache/cache.go:50.22,51.49 1 0
cryptorun/data/cache/cache.go:51.49,53.3 1 0
cryptorun/data/cache/cache.go:54.2,54.14 1 0
cryptorun/data/cache/cache.go:57.53,61.16 4 0
cryptorun/data/cache/cache.go:61.16,63.3 1 0
cryptorun/data/cache/cache.go:64.2,64.16 1 0
cryptorun/data/cache/cache.go:66.69,70.2 3 0
cryptorun/interfaces/ui/menu/page_premove_board.go:94.46,104.2 1 0
cryptorun/interfaces/ui/menu/page_premove_board.go:107.88,117.2 1 0
cryptorun/interfaces/ui/menu/page_premove_board.go:120.75,128.30 5 0
cryptorun/interfaces/ui/menu/page_premove_board.go:128.30,131.3 2 0
cryptorun/interfaces/ui/menu/page_premove_board.go:133.2,133.12 1 0
cryptorun/interfaces/ui/menu/page_premove_board.go:137.99,152.46 5 0
cryptorun/interfaces/ui/menu/page_premove_board.go:152.46,154.3 1 0
cryptorun/interfaces/ui/menu/page_premove_board.go:157.2,157.30 1 0
cryptorun/interfaces/ui/menu/page_premove_board.go:157.30,160.3 2 0
cryptorun/interfaces/ui/menu/page_premove_board.go:164.102,179.64 5 0
cryptorun/interfaces/ui/menu/page_premove_board.go:179.64,180.10 1 0
cryptorun/interfaces/ui/menu/page_premove_board.go:181.42,181.42 0 0
cryptorun/interfaces/ui/menu/page_premove_board.go:182.11,182.11 0 0
cryptorun/interfaces/ui/menu/page_premove_board.go:187.2,187.19 1 0
cryptorun/interfaces/ui/menu/page_premove_board.go:191.65,195.64 3 0
cryptorun/interfaces/ui/menu/page_premove_board.go:195.64,199.3 3 0
cryptorun/interfaces/ui/menu/page_premove_board.go:203.56,205.2 1 0
cryptorun/interfaces/ui/menu/page_premove_board.go:208.50,210.16 2 0
cryptorun/interfaces/ui/menu/page_premove_board.go:210.16,212.3 1 0
cryptorun/interfaces/ui/menu/page_premove_board.go:214.2,214.44 1 0
cryptorun/interfaces/ui/menu/page_premove_board.go:214.44,215.28 1 0
cryptorun/interfaces/ui/menu/page_premove_board.go:215.28,216.12 1 0
cryptorun/interfaces/ui/menu/page_premove_board.go:219.3,219.10 1 0
cryptorun/interfaces/ui/menu/page_premove_board.go:220.35,220.35 0 0
cryptorun/interfaces/ui/menu/page_premove_board.go:221.11,223.32 1 0
cryptorun/interfaces/ui/menu/page_premove_board.go:229.81,237.16 3 0
cryptorun/interfaces/ui/menu/page_premove_board.go:237.16,239.3 1 0
cryptorun/interfaces/ui/menu/page_premove_board.go:241.2,241.44 1 0
cryptorun/interfaces/ui/menu/page_premove_board.go:241.44,242.28 1 0
cryptorun/interfaces/ui/menu/page_premove_board.go:242.28,243.12 1 0
cryptorun/interfaces/ui/menu/page_premove_board.go:247.3,247.67 1 0
cryptorun/interfaces/ui/menu/page_premove_board.go:247.67,249.58 2 0
cryptorun/interfaces/ui/menu/page_premove_board.go:249.58,250.42 1 0
cryptorun/interfaces/ui/menu/page_premove_board.go:250.42,252.11 2 0
cryptorun/interfaces/ui/menu/page_premove_board.go:255.4,255.20 1 0
cryptorun/interfaces/ui/menu/page_premove_board.go:255.20,256.13 1 0
cryptorun/interfaces/ui/menu/page_premove_board.go:260.3,260.10 1 0
cryptorun/interfaces/ui/menu/page_premove_board.go:261.35,261.35 0 0
cryptorun/interfaces/ui/menu/page_premove_board.go:262.11,263.32 1 0
cryptorun/interfaces/ui/menu/page_premove_board.go:269.62,276.2 4 0
cryptorun/interfaces/ui/menu/page_premove_board.go:279.66,284.44 4 0
cryptorun/interfaces/ui/menu/page_premove_board.go:284.44,285.27 1 0
cryptorun/interfaces/ui/menu/page_premove_board.go:285.27,287.4 1 0
cryptorun/interfaces/ui/menu/page_premove_board.go:290.2,296.3 1 0
cryptorun/interfaces/ui/menu/page_premove_board.go:300.55,307.45 5 0
cryptorun/interfaces/ui/menu/page_premove_board.go:307.45,308.77 1 0
cryptorun/interfaces/ui/menu/page_premove_board.go:308.77,311.4 2 0
cryptorun/interfaces/ui/menu/page_premove_board.go:316.65,320.64 3 0
cryptorun/interfaces/ui/menu/page_premove_board.go:320.64,322.3 1 0
cryptorun/interfaces/ui/menu/page_premove_board.go:326.57,354.2 3 0
cryptorun/infrastructure/market/snapshot.go:19.99,31.2 1 0
cryptorun/internal/adapters/features.go:21.44,26.2 1 0
cryptorun/internal/adapters/features.go:65.116,69.50 2 0
cryptorun/internal/adapters/features.go:69.50,70.47 1 0
cryptorun/internal/adapters/features.go:70.47,73.4 2 0
cryptorun/internal/adapters/features.go:75.3,75.29 1 0
cryptorun/internal/adapters/features.go:79.2,80.16 2 0
cryptorun/internal/adapters/features.go:80.16,82.3 1 0
cryptorun/internal/adapters/features.go:85.2,92.22 3 0
cryptorun/internal/adapters/features.go:96.118,105.16 3 0
cryptorun/internal/adapters/features.go:105.16,107.3 1 0
cryptorun/internal/adapters/features.go:110.2,133.22 16 0
cryptorun/internal/adapters/features.go:137.112,144.16 4 0
cryptorun/internal/adapters/features.go:144.16,146.3 1 0
cryptorun/internal/adapters/features.go:148.2,149.16 2 0
cryptorun/internal/adapters/features.go:149.16,151.3 1 0
cryptorun/internal/adapters/features.go:152.2,154.38 2 0
cryptorun/internal/adapters/features.go:154.38,157.3 2 0
cryptorun/internal/adapters/features.go:159.2,160.69 2 0
cryptorun/internal/adapters/features.go:160.69,162.3 1 0
cryptorun/internal/adapters/features.go:165.2,174.18 2 0
cryptorun/internal/adapters/features.go:178.66,197.49 2 0
cryptorun/internal/adapters/features.go:197.49,199.3 1 0
cryptorun/internal/adapters/features.go:202.2,202.51 1 0
cryptorun/internal/adapters/guards.go:17.40,23.2 1 0
cryptorun/internal/adapters/guards.go:26.100,31.30 3 0
cryptorun/internal/adapters/guards.go:31.30,33.19 2 0
cryptorun/internal/adapters/guards.go:33.19,36.4 2 0
cryptorun/internal/adapters/guards.go:40.2,40.25 1 0
cryptorun/internal/adapters/guards.go:40.25,42.19 2 0
cryptorun/internal/adapters/guards.go:42.19,45.4 2 0
cryptorun/internal/adapters/guards.go:49.2,49.23 1 0
cryptorun/internal/adapters/guards.go:49.23,51.21 2 0
cryptorun/internal/adapters/guards.go:51.21,54.4 2 0
cryptorun/internal/adapters/guards.go:57.2,57.29 1 0
cryptorun/internal/adapters/guards.go:61.79,79.27 4 0
cryptorun/internal/adapters/guards.go:79.27,81.3 1 0
cryptorun/internal/adapters/guards.go:82.2,84.24 2 0
cryptorun/internal/adapters/guards.go:84.24,85.25 1 0
cryptorun/internal/adapters/guards.go:85.25,87.4 1 0
cryptorun/internal/adapters/guards.go:87.9,89.4 1 0
cryptorun/internal/adapters/guards.go:90.8,90.32 1 0
cryptorun/internal/adapters/guards.go:90.32,91.25 1 0
cryptorun/internal/adapters/guards.go:91.25,93.4 1 0
cryptorun/internal/adapters/guards.go:93.9,95.4 1 0
cryptorun/internal/adapters/guards.go:96.8,97.25 1 0
cryptorun/internal/adapters/guards.go:97.25,99.4 1 0
cryptorun/internal/adapters/guards.go:99.9,101.4 1 0
cryptorun/internal/adapters/guards.go:106.74,111.27 2 0
cryptorun/internal/adapters/guards.go:111.27,113.3 1 0
cryptorun/internal/adapters/guards.go:114.2,116.24 2 0
cryptorun/internal/adapters/guards.go:116.24,118.3 1 0
cryptorun/internal/adapters/guards.go:118.8,120.3 1 0
cryptorun/internal/adapters/guards.go:124.72,129.27 2 0
cryptorun/internal/adapters/guards.go:129.27,131.3 1 0
cryptorun/internal/adapters/guards.go:132.2,135.24 2 0
cryptorun/internal/adapters/guards.go:135.24,137.3 1 0
cryptorun/internal/adapters/guards.go:137.8,141.3 3 0
cryptorun/internal/adapters/guards.go:150.58,154.2 1 0
cryptorun/internal/adapters/guards.go:157.120,162.16 2 0
cryptorun/internal/adapters/guards.go:162.16,165.3 1 0
cryptorun/internal/adapters/guards.go:168.2,174.41 4 0
cryptorun/internal/adapters/guards.go:178.99,181.27 2 0
cryptorun/internal/adapters/guards.go:181.27,183.3 1 0
cryptorun/internal/adapters/guards.go:186.2,201.20 4 0
cryptorun/internal/adapters/guards.go:201.20,203.3 1 0
cryptorun/internal/adapters/guards.go:206.2,208.37 2 0
cryptorun/infra/limits/binance_weight.go:6.56,8.2 1 0
cryptorun/infra/limits/dexscreener_limiter.go:15.40,17.2 1 0
cryptorun/infra/limits/dexscreener_limiter.go:19.48,23.30 4 0
cryptorun/infra/limits/dexscreener_limiter.go:23.30,24.30 1 0
cryptorun/infra/limits/dexscreener_limiter.go:24.30,26.4 1 0
cryptorun/infra/limits/dexscreener_limiter.go:28.2,29.13 2 0
cryptorun/internal/algo/dip/core.go:81.93,87.2 1 0
cryptorun/internal/algo/dip/core.go:90.150,91.86 1 0
cryptorun/internal/algo/dip/core.go:91.86,96.3 1 0
cryptorun/internal/algo/dip/core.go:99.2,132.16 12 0
cryptorun/internal/algo/dip/core.go:132.16,133.19 1 0
cryptorun/internal/algo/dip/core.go:133.19,135.4 1 0
cryptorun/internal/algo/dip/core.go:135.9,137.4 1 0
cryptorun/internal/algo/dip/core.go:140.2,140.20 1 0
cryptorun/internal/algo/dip/core.go:144.119,145.48 1 0
cryptorun/internal/algo/dip/core.go:145.48,147.3 1 0
cryptorun/internal/algo/dip/core.go:150.2,154.40 3 0
cryptorun/internal/algo/dip/core.go:154.40,158.85 2 0
cryptorun/internal/algo/dip/core.go:158.85,159.12 1 0
cryptorun/internal/algo/dip/core.go:164.3,165.12 2 0
cryptorun/internal/algo/dip/core.go:165.12,167.4 1 0
cryptorun/internal/algo/dip/core.go:168.3,172.18 3 0
cryptorun/internal/algo/dip/core.go:172.18,173.12 1 0
cryptorun/internal/algo/dip/core.go:177.3,178.35 2 0
cryptorun/internal/algo/dip/core.go:178.35,182.20 3 0
cryptorun/internal/algo/dip/core.go:182.20,187.73 3 0
cryptorun/internal/algo/dip/core.go:187.73,188.14 1 0
cryptorun/internal/algo/dip/core.go:194.3,197.36 3 0
cryptorun/internal/algo/dip/core.go:197.36,209.4 1 0
cryptorun/internal/algo/dip/core.go:212.2,212.17 1 0
cryptorun/internal/algo/dip/core.go:217.60,218.24 1 0
cryptorun/internal/algo/dip/core.go:218.24,220.3 1 0
cryptorun/internal/algo/dip/core.go:222.2,223.42 2 0
cryptorun/internal/algo/dip/core.go:223.42,225.40 2 0
cryptorun/internal/algo/dip/core.go:225.40,227.4 1 0
cryptorun/internal/algo/dip/core.go:228.3,228.45 1 0
cryptorun/internal/algo/dip/core.go:230.2,230.15 1 0
cryptorun/internal/algo/dip/core.go:233.59,234.26 1 0
cryptorun/internal/algo/dip/core.go:234.26,236.3 1 0
cryptorun/internal/algo/dip/core.go:238.2,241.56 3 0
cryptorun/internal/algo/dip/core.go:244.60,245.26 1 0
cryptorun/internal/algo/dip/core.go:245.26,247.3 1 0
cryptorun/internal/algo/dip/core.go:249.2,252.33 3 0
cryptorun/internal/algo/dip/core.go:252.33,254.17 2 0
cryptorun/internal/algo/dip/core.go:254.17,256.4 1 0
cryptorun/internal/algo/dip/core.go:256.9,258.4 1 0
cryptorun/internal/algo/dip/core.go:261.2,266.30 4 0
cryptorun/internal/algo/dip/core.go:266.30,269.3 2 0
cryptorun/internal/algo/dip/core.go:270.2,273.18 3 0
cryptorun/internal/algo/dip/core.go:273.18,275.3 1 0
cryptorun/internal/algo/dip/core.go:275.8,278.3 2 0
cryptorun/internal/algo/dip/core.go:281.2,282.42 2 0
cryptorun/internal/algo/dip/core.go:282.42,283.21 1 0
cryptorun/internal/algo/dip/core.go:283.21,285.4 1 0
cryptorun/internal/algo/dip/core.go:285.9,287.4 1 0
cryptorun/internal/algo/dip/core.go:289.3,289.22 1 0
cryptorun/internal/algo/dip/core.go:289.22,291.4 1 0
cryptorun/internal/algo/dip/core.go:291.9,293.4 1 0
cryptorun/internal/algo/dip/core.go:295.3,295.19 1 0
cryptorun/internal/algo/dip/core.go:295.19,297.4 1 0
cryptorun/internal/algo/dip/core.go:297.9,300.4 2 0
cryptorun/internal/algo/dip/core.go:303.2,303.15 1 0
cryptorun/internal/algo/dip/core.go:306.60,307.26 1 0
cryptorun/internal/algo/dip/core.go:307.26,309.3 1 0
cryptorun/internal/algo/dip/core.go:311.2,312.33 2 0
cryptorun/internal/algo/dip/core.go:312.33,321.3 6 0
cryptorun/internal/algo/dip/core.go:323.2,327.30 3 0
cryptorun/internal/algo/dip/core.go:327.30,329.3 1 0
cryptorun/internal/algo/dip/core.go:330.2,334.42 3 0
cryptorun/internal/algo/dip/core.go:334.42,336.3 1 0
cryptorun/internal/algo/dip/core.go:338.2,338.15 1 0
cryptorun/internal/algo/dip/core.go:341.58,343.26 1 0
cryptorun/internal/algo/dip/core.go:343.26,345.3 1 0
cryptorun/internal/algo/dip/core.go:348.2,352.33 4 0
cryptorun/internal/algo/dip/core.go:352.33,359.41 5 0
cryptorun/internal/algo/dip/core.go:359.41,361.4 1 0
cryptorun/internal/algo/dip/core.go:362.3,362.40 1 0
cryptorun/internal/algo/dip/core.go:362.40,364.4 1 0
cryptorun/internal/algo/dip/core.go:366.3,369.46 4 0
cryptorun/internal/algo/dip/core.go:373.2,376.43 3 0
cryptorun/internal/algo/dip/core.go:376.43,378.3 1 0
cryptorun/internal/algo/dip/core.go:381.2,382.35 2 0
cryptorun/internal/algo/dip/core.go:382.35,384.15 2 0
cryptorun/internal/algo/dip/core.go:384.15,386.4 1 0
cryptorun/internal/algo/dip/core.go:386.9,388.4 1 0
cryptorun/internal/algo/dip/core.go:392.2,392.22 1 0
cryptorun/internal/algo/dip/core.go:392.22,394.3 1 0
cryptorun/internal/algo/dip/core.go:396.2,397.30 2 0
cryptorun/internal/algo/dip/core.go:397.30,399.3 1 0
cryptorun/internal/algo/dip/core.go:401.2,401.30 1 0
cryptorun/internal/algo/dip/core.go:404.64,405.42 1 0
cryptorun/internal/algo/dip/core.go:405.42,407.3 1 0
cryptorun/internal/algo/dip/core.go:409.2,414.30 4 0
cryptorun/internal/algo/dip/core.go:414.30,417.3 2 0
cryptorun/internal/algo/dip/core.go:419.2,419.16 1 0
cryptorun/internal/algo/dip/core.go:419.16,421.3 1 0
cryptorun/internal/algo/dip/core.go:421.8,423.3 1 0
cryptorun/internal/algo/dip/core.go:426.2,427.35 2 0
cryptorun/internal/algo/dip/core.go:427.35,431.17 3 0
cryptorun/internal/algo/dip/core.go:431.17,433.4 1 0
cryptorun/internal/algo/dip/core.go:433.9,435.4 1 0
cryptorun/internal/algo/dip/core.go:438.2,438.15 1 0
cryptorun/internal/algo/dip/core.go:441.60,442.24 1 0
cryptorun/internal/algo/dip/core.go:442.24,444.3 1 0
cryptorun/internal/algo/dip/core.go:447.2,448.25 2 0
cryptorun/internal/algo/dip/core.go:448.25,450.3 1 0
cryptorun/internal/algo/dip/core.go:453.2,454.35 2 0
cryptorun/internal/algo/dip/core.go:454.35,456.3 1 0
cryptorun/internal/algo/dip/core.go:459.2,462.27 3 0
cryptorun/internal/algo/dip/core.go:462.27,463.26 1 0
cryptorun/internal/algo/dip/core.go:463.26,465.12 2 0
cryptorun/internal/algo/dip/core.go:469.3,470.28 2 0
cryptorun/internal/algo/dip/core.go:470.28,472.4 1 0
cryptorun/internal/algo/dip/core.go:473.3,478.28 4 0
cryptorun/internal/algo/dip/core.go:478.28,480.4 1 0
cryptorun/internal/algo/dip/core.go:483.3,485.30 3 0
cryptorun/internal/algo/dip/core.go:485.30,486.20 1 0
cryptorun/internal/algo/dip/core.go:486.20,488.5 1 0
cryptorun/internal/algo/dip/core.go:489.4,489.20 1 0
cryptorun/internal/algo/dip/core.go:489.20,491.5 1 0
cryptorun/internal/algo/dip/core.go:495.3,496.28 2 0
cryptorun/internal/algo/dip/core.go:496.28,499.4 2 0
cryptorun/internal/algo/dip/core.go:500.3,503.15 2 0
cryptorun/internal/algo/dip/core.go:503.15,505.4 1 0
cryptorun/internal/algo/dip/core.go:505.9,507.4 1 0
cryptorun/internal/algo/dip/core.go:511.2,511.23 1 0
cryptorun/internal/algo/dip/core.go:511.23,513.3 1 0
cryptorun/internal/algo/dip/core.go:516.2,522.27 6 0
cryptorun/internal/algo/dip/core.go:522.27,530.3 6 0
cryptorun/internal/algo/dip/core.go:532.2,533.35 2 0
cryptorun/internal/algo/dip/core.go:533.35,535.3 1 0
cryptorun/internal/algo/dip/core.go:537.2,540.15 2 0
cryptorun/internal/algo/dip/core.go:540.15,542.3 1 0
cryptorun/internal/algo/dip/core.go:543.2,543.15 1 0
cryptorun/internal/algo/dip/core.go:543.15,545.3 1 0
cryptorun/internal/algo/dip/core.go:547.2,547.14 1 0
cryptorun/internal/algo/dip/core.go:550.79,551.19 1 0
cryptorun/internal/algo/dip/core.go:551.19,553.3 1 0
cryptorun/internal/algo/dip/core.go:555.2,561.15 5 0
cryptorun/internal/algo/dip/core.go:561.15,563.3 1 0
cryptorun/internal/algo/dip/core.go:565.2,565.32 1 0
cryptorun/internal/algo/dip/core.go:565.32,566.29 1 0
cryptorun/internal/algo/dip/core.go:566.29,569.32 2 0
cryptorun/internal/algo/dip/core.go:569.32,572.5 1 0
cryptorun/internal/algo/dip/core.go:574.4,574.19 1 0
cryptorun/internal/algo/dip/core.go:574.19,577.5 2 0
cryptorun/internal/algo/dip/core.go:581.2,581.38 1 0
cryptorun/internal/algo/dip/core.go:581.38,583.3 1 0
cryptorun/internal/algo/dip/core.go:585.2,589.3 1 0
cryptorun/internal/algo/dip/core.go:592.85,594.15 2 0
cryptorun/internal/algo/dip/core.go:594.15,596.3 1 0
cryptorun/internal/algo/dip/core.go:598.2,599.38 2 0
cryptorun/internal/algo/dip/core.go:599.38,600.27 1 0
cryptorun/internal/algo/dip/core.go:600.27,602.4 1 0
cryptorun/internal/algo/dip/core.go:605.2,605.15 1 0
cryptorun/internal/algo/dip/core.go:608.71,610.48 2 0
cryptorun/internal/algo/dip/core.go:610.48,611.35 1 0
cryptorun/internal/algo/dip/core.go:611.35,613.4 1 0
cryptorun/internal/algo/dip/core.go:613.9,614.9 1 0
cryptorun/internal/algo/dip/core.go:617.2,617.14 1 0
cryptorun/internal/algo/dip/core.go:620.96,621.48 1 0
cryptorun/internal/algo/dip/core.go:621.48,623.3 1 0
cryptorun/internal/algo/dip/core.go:626.2,631.64 4 0
cryptorun/internal/algo/dip/core.go:631.64,632.54 1 0
cryptorun/internal/algo/dip/core.go:632.54,634.4 1 0
cryptorun/internal/algo/dip/core.go:637.2,637.14 1 0
cryptorun/internal/algo/dip/core.go:640.84,641.33 1 0
cryptorun/internal/algo/dip/core.go:641.33,643.3 1 0
cryptorun/internal/algo/dip/core.go:645.2,652.28 3 0
cryptorun/internal/algo/dip/guards.go:57.51,61.2 1 0
cryptorun/internal/algo/dip/guards.go:65.47,67.39 1 0
cryptorun/internal/algo/dip/guards.go:67.39,73.3 1 0
cryptorun/internal/algo/dip/guards.go:75.2,93.39 10 0
cryptorun/internal/algo/dip/guards.go:93.39,94.20 1 0
cryptorun/internal/algo/dip/guards.go:94.20,96.24 2 0
cryptorun/internal/algo/dip/guards.go:96.24,98.5 1 0
cryptorun/internal/algo/dip/guards.go:99.4,99.9 1 0
cryptorun/internal/algo/dip/guards.go:103.2,107.8 1 0
cryptorun/internal/algo/dip/guards.go:111.81,114.86 2 0
cryptorun/internal/algo/dip/guards.go:114.86,120.3 1 0
cryptorun/internal/algo/dip/guards.go:123.2,128.51 4 0
cryptorun/internal/algo/dip/guards.go:128.51,136.3 1 0
cryptorun/internal/algo/dip/guards.go:139.2,141.16 2 0
cryptorun/internal/algo/dip/guards.go:141.16,149.3 1 0
cryptorun/internal/algo/dip/guards.go:151.2,157.3 1 0
cryptorun/internal/algo/dip/guards.go:161.118,164.73 2 0
cryptorun/internal/algo/dip/guards.go:164.73,168.28 3 0
cryptorun/internal/algo/dip/guards.go:168.28,170.4 1 0
cryptorun/internal/algo/dip/guards.go:173.2,173.14 1 0
cryptorun/internal/algo/dip/guards.go:177.81,181.35 3 0
cryptorun/internal/algo/dip/guards.go:181.35,187.3 1 0
cryptorun/internal/algo/dip/guards.go:190.2,194.13 4 0
cryptorun/internal/algo/dip/guards.go:194.13,196.3 1 0
cryptorun/internal/algo/dip/guards.go:198.2,204.3 1 0
cryptorun/internal/algo/dip/guards.go:208.90,213.80 3 0
cryptorun/internal/algo/dip/guards.go:213.80,215.28 2 0
cryptorun/internal/algo/dip/guards.go:215.28,217.4 1 0
cryptorun/internal/algo/dip/guards.go:220.3,221.55 2 0
cryptorun/internal/algo/dip/guards.go:221.55,222.33 1 0
cryptorun/internal/algo/dip/guards.go:222.33,224.5 1 0
cryptorun/internal/algo/dip/guards.go:227.3,227.22 1 0
cryptorun/internal/algo/dip/guards.go:227.22,228.12 1 0
cryptorun/internal/algo/dip/guards.go:232.3,232.44 1 0
cryptorun/internal/algo/dip/guards.go:232.44,234.4 1 0
cryptorun/internal/algo/dip/guards.go:236.3,239.50 2 0
cryptorun/internal/algo/dip/guards.go:239.50,240.9 1 0
cryptorun/internal/algo/dip/guards.go:244.2,244.17 1 0
cryptorun/internal/algo/dip/guards.go:248.91,257.13 6 0
cryptorun/internal/algo/dip/guards.go:257.13,259.3 1 0
cryptorun/internal/algo/dip/guards.go:261.2,267.3 1 0
cryptorun/internal/algo/dip/guards.go:271.76,273.2 1 0
cryptorun/internal/algo/dip/guards.go:277.73,281.16 2 0
cryptorun/internal/algo/dip/guards.go:281.16,283.3 1 0
cryptorun/internal/algo/dip/guards.go:286.2,289.40 2 0
cryptorun/internal/algo/dip/guards.go:289.40,291.42 2 0
cryptorun/internal/algo/dip/guards.go:291.42,294.4 2 0
cryptorun/internal/algo/dip/guards.go:297.2,297.25 1 0
cryptorun/internal/algo/dip/guards.go:301.130,305.26 2 0
cryptorun/internal/algo/dip/guards.go:305.26,320.3 5 0
cryptorun/internal/algo/dip/guards.go:323.2,323.26 1 0
cryptorun/internal/algo/dip/guards.go:323.26,328.46 3 0
cryptorun/internal/algo/dip/guards.go:328.46,330.72 1 0
cryptorun/internal/algo/dip/guards.go:330.72,332.10 2 0
cryptorun/internal/algo/dip/guards.go:336.3,337.20 2 0
cryptorun/internal/algo/dip/guards.go:337.20,339.4 1 0
cryptorun/internal/algo/dip/guards.go:342.3,351.4 3 0
cryptorun/internal/algo/dip/guards.go:354.2,354.15 1 0
cryptorun/internal/algo/dip/quality_signals.go:65.117,71.2 1 0
cryptorun/internal/algo/dip/quality_signals.go:75.113,77.21 1 0
cryptorun/internal/algo/dip/quality_signals.go:77.21,79.3 1 0
cryptorun/internal/algo/dip/quality_signals.go:82.2,83.16 2 0
cryptorun/internal/algo/dip/quality_signals.go:83.16,85.3 1 0
cryptorun/internal/algo/dip/quality_signals.go:88.2,89.16 2 0
cryptorun/internal/algo/dip/quality_signals.go:89.16,91.3 1 0
cryptorun/internal/algo/dip/quality_signals.go:94.2,104.8 3 0
cryptorun/internal/algo/dip/quality_signals.go:108.140,109.19 1 0
cryptorun/internal/algo/dip/quality_signals.go:109.19,114.3 1 0
cryptorun/internal/algo/dip/quality_signals.go:117.2,118.47 2 0
cryptorun/internal/algo/dip/quality_signals.go:118.47,121.3 2 0
cryptorun/internal/algo/dip/quality_signals.go:124.2,133.15 6 0
cryptorun/internal/algo/dip/quality_signals.go:133.15,135.3 1 0
cryptorun/internal/algo/dip/quality_signals.go:135.8,135.21 1 0
cryptorun/internal/algo/dip/quality_signals.go:135.21,137.3 1 0
cryptorun/internal/algo/dip/quality_signals.go:139.2,144.8 1 0
cryptorun/internal/algo/dip/quality_signals.go:148.120,149.61 1 0
cryptorun/internal/algo/dip/quality_signals.go:149.61,154.3 1 0
cryptorun/internal/algo/dip/quality_signals.go:157.2,164.15 4 0
cryptorun/internal/algo/dip/quality_signals.go:164.15,166.3 1 0
cryptorun/internal/algo/dip/quality_signals.go:169.2,178.15 6 0
cryptorun/internal/algo/dip/quality_signals.go:178.15,180.3 1 0
cryptorun/internal/algo/dip/quality_signals.go:180.8,180.20 1 0
cryptorun/internal/algo/dip/quality_signals.go:180.20,182.3 1 0
cryptorun/internal/algo/dip/quality_signals.go:184.2,191.8 1 0
cryptorun/internal/algo/dip/quality_signals.go:195.100,196.23 1 0
cryptorun/internal/algo/dip/quality_signals.go:196.23,203.3 1 0
cryptorun/internal/algo/dip/quality_signals.go:206.2,214.46 5 0
cryptorun/internal/algo/dip/quality_signals.go:214.46,216.3 1 0
cryptorun/internal/algo/dip/quality_signals.go:218.2,223.3 1 0
cryptorun/internal/algo/dip/quality_signals.go:227.131,231.25 2 0
cryptorun/internal/algo/dip/quality_signals.go:231.25,234.22 2 0
cryptorun/internal/algo/dip/quality_signals.go:234.22,236.4 1 0
cryptorun/internal/algo/dip/quality_signals.go:238.3,239.23 2 0
cryptorun/internal/algo/dip/quality_signals.go:239.23,241.4 1 0
cryptorun/internal/algo/dip/quality_signals.go:243.3,243.43 1 0
cryptorun/internal/algo/dip/quality_signals.go:247.2,247.22 1 0
cryptorun/internal/algo/dip/quality_signals.go:247.22,249.24 2 0
cryptorun/internal/algo/dip/quality_signals.go:249.24,251.4 1 0
cryptorun/internal/algo/dip/quality_signals.go:253.3,254.22 2 0
cryptorun/internal/algo/dip/quality_signals.go:254.22,256.4 1 0
cryptorun/internal/algo/dip/quality_signals.go:258.3,258.44 1 0
cryptorun/internal/algo/dip/quality_signals.go:262.2,264.14 2 0
cryptorun/internal/algo/dip/quality_signals.go:268.92,269.25 1 0
cryptorun/internal/algo/dip/quality_signals.go:269.25,271.3 1 0
cryptorun/internal/algo/dip/quality_signals.go:273.2,277.15 4 0
cryptorun/internal/algo/dip/quality_signals.go:277.15,279.3 1 0
cryptorun/internal/algo/dip/quality_signals.go:281.2,281.38 1 0
cryptorun/internal/algo/dip/quality_signals.go:281.38,284.3 2 0
cryptorun/internal/algo/dip/quality_signals.go:286.2,286.16 1 0
cryptorun/internal/algo/dip/quality_signals.go:286.16,288.3 1 0
cryptorun/internal/algo/dip/quality_signals.go:290.2,290.29 1 0
cryptorun/internal/algo/dip/quality_signals.go:294.97,295.29 1 0
cryptorun/internal/algo/dip/quality_signals.go:295.29,297.3 1 0
cryptorun/internal/algo/dip/quality_signals.go:299.2,300.15 2 0
cryptorun/internal/algo/dip/quality_signals.go:300.15,302.3 1 0
cryptorun/internal/algo/dip/quality_signals.go:304.2,307.38 3 0
cryptorun/internal/algo/dip/quality_signals.go:307.38,309.43 2 0
cryptorun/internal/algo/dip/quality_signals.go:309.43,315.4 4 0
cryptorun/internal/algo/dip/quality_signals.go:318.2,318.22 1 0
cryptorun/internal/algo/dip/quality_signals.go:318.22,320.3 1 0
cryptorun/internal/algo/dip/quality_signals.go:323.2,328.19 3 0
cryptorun/internal/algo/dip/quality_signals.go:328.19,330.3 1 0
cryptorun/internal/algo/dip/quality_signals.go:332.2,332.28 1 0
cryptorun/internal/algo/dip/quality_signals.go:336.105,337.27 1 0
cryptorun/internal/algo/dip/quality_signals.go:337.27,339.3 1 0
cryptorun/internal/algo/dip/quality_signals.go:341.2,342.15 2 0
cryptorun/internal/algo/dip/quality_signals.go:342.15,344.3 1 0
cryptorun/internal/algo/dip/quality_signals.go:346.2,349.38 3 0
cryptorun/internal/algo/dip/quality_signals.go:349.38,351.25 2 0
cryptorun/internal/algo/dip/quality_signals.go:351.25,354.4 2 0
cryptorun/internal/algo/dip/quality_signals.go:357.2,357.16 1 0
cryptorun/internal/algo/dip/quality_signals.go:357.16,359.3 1 0
cryptorun/internal/algo/dip/quality_signals.go:361.2,361.29 1 0
cryptorun/internal/algo/dip/quality_signals.go:374.67,375.17 1 0
cryptorun/internal/algo/dip/quality_signals.go:375.17,377.3 1 0
cryptorun/internal/algo/dip/quality_signals.go:380.2,381.52 2 0
cryptorun/internal/algo/dip/quality_signals.go:381.52,383.3 1 0
cryptorun/internal/algo/dip/quality_signals.go:386.2,389.49 1 0
cryptorun/internal/application/analyst/kraken_winners.go:44.57,50.2 1 0
cryptorun/internal/application/analyst/kraken_winners.go:53.88,54.19 1 0
cryptorun/internal/application/analyst/kraken_winners.go:54.19,56.3 1 0
cryptorun/internal/application/analyst/kraken_winners.go:57.2,57.42 1 0
cryptorun/internal/application/analyst/kraken_winners.go:61.94,66.16 3 0
cryptorun/internal/application/analyst/kraken_winners.go:66.16,69.3 2 0
cryptorun/internal/application/analyst/kraken_winners.go:71.2,74.39 3 0
cryptorun/internal/application/analyst/kraken_winners.go:74.39,76.17 2 0
cryptorun/internal/application/analyst/kraken_winners.go:76.17,78.12 2 0
cryptorun/internal/application/analyst/kraken_winners.go:80.3,80.46 1 0
cryptorun/internal/application/analyst/kraken_winners.go:83.2,84.24 2 0
cryptorun/internal/application/analyst/kraken_winners.go:88.85,95.16 4 0
cryptorun/internal/application/analyst/kraken_winners.go:95.16,97.3 1 0
cryptorun/internal/application/analyst/kraken_winners.go:99.2,102.16 3 0
cryptorun/internal/application/analyst/kraken_winners.go:102.16,104.3 1 0
cryptorun/internal/application/analyst/kraken_winners.go:105.2,107.38 2 0
cryptorun/internal/application/analyst/kraken_winners.go:107.38,109.3 1 0
cryptorun/internal/application/analyst/kraken_winners.go:111.2,112.16 2 0
cryptorun/internal/application/analyst/kraken_winners.go:112.16,114.3 1 0
cryptorun/internal/application/analyst/kraken_winners.go:116.2,117.58 2 0
cryptorun/internal/application/analyst/kraken_winners.go:117.58,119.3 1 0
cryptorun/internal/application/analyst/kraken_winners.go:121.2,121.31 1 0
cryptorun/internal/application/analyst/kraken_winners.go:121.31,123.3 1 0
cryptorun/internal/application/analyst/kraken_winners.go:125.2,125.31 1 0
cryptorun/internal/application/analyst/kraken_winners.go:129.151,139.46 3 0
cryptorun/internal/application/analyst/kraken_winners.go:139.46,141.46 1 0
cryptorun/internal/application/analyst/kraken_winners.go:141.46,142.12 1 0
cryptorun/internal/application/analyst/kraken_winners.go:146.3,147.14 2 0
cryptorun/internal/application/analyst/kraken_winners.go:147.14,149.4 1 0
cryptorun/internal/application/analyst/kraken_winners.go:152.3,153.17 2 0
cryptorun/internal/application/analyst/kraken_winners.go:153.17,154.12 1 0
cryptorun/internal/application/analyst/kraken_winners.go:158.3,159.17 2 0
cryptorun/internal/application/analyst/kraken_winners.go:159.17,160.12 1 0
cryptorun/internal/application/analyst/kraken_winners.go:163.3,164.17 2 0
cryptorun/internal/application/analyst/kraken_winners.go:164.17,165.12 1 0
cryptorun/internal/application/analyst/kraken_winners.go:168.3,173.5 1 0
cryptorun/internal/application/analyst/kraken_winners.go:177.2,177.47 1 0
cryptorun/internal/application/analyst/kraken_winners.go:177.47,178.81 1 0
cryptorun/internal/application/analyst/kraken_winners.go:178.81,181.4 1 0
cryptorun/internal/application/analyst/kraken_winners.go:182.3,182.67 1 0
cryptorun/internal/application/analyst/kraken_winners.go:186.2,187.34 2 0
cryptorun/internal/application/analyst/kraken_winners.go:187.34,189.3 1 0
cryptorun/internal/application/analyst/kraken_winners.go:191.2,192.32 2 0
cryptorun/internal/application/analyst/kraken_winners.go:192.32,204.3 2 0
cryptorun/internal/application/analyst/kraken_winners.go:206.2,207.45 1 0
cryptorun/internal/application/analyst/kraken_winners.go:207.45,208.24 1 0
cryptorun/internal/application/analyst/kraken_winners.go:208.24,210.5 1 0
cryptorun/internal/application/analyst/kraken_winners.go:211.4,211.14 1 0
cryptorun/internal/application/analyst/kraken_winners.go:215.2,215.21 1 0
cryptorun/internal/application/analyst/kraken_winners.go:219.108,221.16 2 0
cryptorun/internal/application/analyst/kraken_winners.go:221.16,223.3 1 0
cryptorun/internal/application/analyst/kraken_winners.go:225.2,227.19 2 0
cryptorun/internal/application/analyst/kraken_winners.go:228.12,231.17 2 0
cryptorun/internal/application/analyst/kraken_winners.go:231.17,233.4 1 0
cryptorun/internal/application/analyst/kraken_winners.go:237.13,240.17 2 0
cryptorun/internal/application/analyst/kraken_winners.go:240.17,242.4 1 0
cryptorun/internal/application/analyst/kraken_winners.go:244.12,248.17 2 0
cryptorun/internal/application/analyst/kraken_winners.go:248.17,250.4 1 0
cryptorun/internal/application/analyst/kraken_winners.go:252.3,252.25 1 0
cryptorun/internal/application/analyst/kraken_winners.go:254.10,255.63 1 0
cryptorun/internal/application/analyst/kraken_winners.go:258.2,258.25 1 0
cryptorun/internal/application/analyst/kraken_winners.go:258.25,260.3 1 0
cryptorun/internal/application/analyst/kraken_winners.go:262.2,263.25 2 0
cryptorun/internal/application/analyst/kraken_winners.go:267.95,298.39 5 0
cryptorun/internal/application/analyst/kraken_winners.go:298.39,300.14 2 0
cryptorun/internal/application/analyst/kraken_winners.go:300.14,302.12 2 0
cryptorun/internal/application/analyst/kraken_winners.go:306.3,306.26 1 0
cryptorun/internal/application/analyst/kraken_winners.go:306.26,308.4 1 0
cryptorun/internal/application/analyst/kraken_winners.go:310.3,310.46 1 0
cryptorun/internal/application/analyst/kraken_winners.go:313.2,314.24 2 0
cryptorun/internal/application/analyst/kraken_winners.go:318.41,334.2 1 0
cryptorun/internal/application/analyst/types.go:95.102,102.2 1 0
cryptorun/internal/application/analyst/types.go:105.38,114.2 3 0
cryptorun/internal/application/analyst/types.go:117.73,131.2 1 0
cryptorun/internal/algo/momentum/core.go:67.59,71.2 1 0
cryptorun/internal/algo/momentum/core.go:100.141,110.57 2 0
cryptorun/internal/algo/momentum/core.go:110.57,112.3 1 0
cryptorun/internal/algo/momentum/core.go:114.2,114.57 1 0
cryptorun/internal/algo/momentum/core.go:114.57,117.3 2 0
cryptorun/internal/algo/momentum/core.go:119.2,119.60 1 0
cryptorun/internal/algo/momentum/core.go:119.60,121.3 1 0
cryptorun/internal/algo/momentum/core.go:123.2,123.60 1 0
cryptorun/internal/algo/momentum/core.go:123.60,125.3 1 0
cryptorun/internal/algo/momentum/core.go:128.2,134.20 4 0
cryptorun/internal/algo/momentum/core.go:138.97,139.19 1 0
cryptorun/internal/algo/momentum/core.go:139.19,141.3 1 0
cryptorun/internal/algo/momentum/core.go:144.2,147.19 3 0
cryptorun/internal/algo/momentum/core.go:147.19,149.3 1 0
cryptorun/internal/algo/momentum/core.go:151.2,154.19 2 0
cryptorun/internal/algo/momentum/core.go:155.12,156.24 1 0
cryptorun/internal/algo/momentum/core.go:157.12,158.24 1 0
cryptorun/internal/algo/momentum/core.go:159.13,160.24 1 0
cryptorun/internal/algo/momentum/core.go:161.13,162.24 1 0
cryptorun/internal/algo/momentum/core.go:163.10,164.18 1 0
cryptorun/internal/algo/momentum/core.go:169.74,170.19 1 0
cryptorun/internal/algo/momentum/core.go:170.19,172.3 1 0
cryptorun/internal/algo/momentum/core.go:175.2,179.30 4 0
cryptorun/internal/algo/momentum/core.go:179.30,181.3 1 0
cryptorun/internal/algo/momentum/core.go:183.2,186.39 3 0
cryptorun/internal/algo/momentum/core.go:190.70,193.36 2 0
cryptorun/internal/algo/momentum/core.go:193.36,195.3 1 0
cryptorun/internal/algo/momentum/core.go:198.2,198.16 1 0
cryptorun/internal/algo/momentum/core.go:199.18,206.4 1 0
cryptorun/internal/algo/momentum/core.go:207.16,214.4 1 0
cryptorun/internal/algo/momentum/core.go:215.18,222.4 1 0
cryptorun/internal/algo/momentum/core.go:223.10,224.21 1 0
cryptorun/internal/algo/momentum/core.go:229.105,233.43 3 0
cryptorun/internal/algo/momentum/core.go:233.43,236.3 2 0
cryptorun/internal/algo/momentum/core.go:238.2,238.43 1 0
cryptorun/internal/algo/momentum/core.go:238.43,241.3 2 0
cryptorun/internal/algo/momentum/core.go:243.2,243.44 1 0
cryptorun/internal/algo/momentum/core.go:243.44,246.3 2 0
cryptorun/internal/algo/momentum/core.go:248.2,248.44 1 0
cryptorun/internal/algo/momentum/core.go:248.44,251.3 2 0
cryptorun/internal/algo/momentum/core.go:253.2,253.22 1 0
cryptorun/internal/algo/momentum/core.go:253.22,255.3 1 0
cryptorun/internal/algo/momentum/core.go:257.2,257.34 1 0
cryptorun/internal/algo/momentum/core.go:261.58,262.26 1 0
cryptorun/internal/algo/momentum/core.go:262.26,264.3 1 0
cryptorun/internal/algo/momentum/core.go:266.2,270.50 3 0
cryptorun/internal/algo/momentum/core.go:270.50,272.17 2 0
cryptorun/internal/algo/momentum/core.go:272.17,274.4 1 0
cryptorun/internal/algo/momentum/core.go:274.9,276.4 1 0
cryptorun/internal/algo/momentum/core.go:279.2,282.18 3 0
cryptorun/internal/algo/momentum/core.go:282.18,284.3 1 0
cryptorun/internal/algo/momentum/core.go:286.2,289.12 3 0
cryptorun/internal/algo/momentum/core.go:293.58,294.26 1 0
cryptorun/internal/algo/momentum/core.go:294.26,296.3 1 0
cryptorun/internal/algo/momentum/core.go:298.2,299.50 2 0
cryptorun/internal/algo/momentum/core.go:299.50,308.3 2 0
cryptorun/internal/algo/momentum/core.go:310.2,310.32 1 0
cryptorun/internal/algo/momentum/entry_exit.go:78.64,82.2 1 0
cryptorun/internal/algo/momentum/entry_exit.go:85.137,108.23 6 0
cryptorun/internal/algo/momentum/entry_exit.go:108.23,109.20 1 0
cryptorun/internal/algo/momentum/entry_exit.go:109.20,111.4 1 0
cryptorun/internal/algo/momentum/entry_exit.go:111.9,113.4 1 0
cryptorun/internal/algo/momentum/entry_exit.go:114.8,116.3 1 0
cryptorun/internal/algo/momentum/entry_exit.go:118.2,118.15 1 0
cryptorun/internal/algo/momentum/entry_exit.go:122.166,134.22 4 0
cryptorun/internal/algo/momentum/entry_exit.go:134.22,136.3 1 0
cryptorun/internal/algo/momentum/entry_exit.go:136.8,138.3 1 0
cryptorun/internal/algo/momentum/entry_exit.go:140.2,140.15 1 0
cryptorun/internal/algo/momentum/entry_exit.go:144.143,151.2 1 0
cryptorun/internal/algo/momentum/entry_exit.go:154.70,155.40 1 0
cryptorun/internal/algo/momentum/entry_exit.go:155.40,161.3 1 0
cryptorun/internal/algo/momentum/entry_exit.go:163.2,167.3 1 0
cryptorun/internal/algo/momentum/entry_exit.go:171.78,172.25 1 0
cryptorun/internal/algo/momentum/entry_exit.go:172.25,178.3 1 0
cryptorun/internal/algo/momentum/entry_exit.go:180.2,183.20 3 0
cryptorun/internal/algo/momentum/entry_exit.go:183.20,189.3 1 0
cryptorun/internal/algo/momentum/entry_exit.go:191.2,193.55 2 0
cryptorun/internal/algo/momentum/entry_exit.go:193.55,199.3 1 0
cryptorun/internal/algo/momentum/entry_exit.go:201.2,205.3 1 0
cryptorun/internal/algo/momentum/entry_exit.go:209.89,211.31 2 0
cryptorun/internal/algo/momentum/entry_exit.go:211.31,217.3 1 0
cryptorun/internal/algo/momentum/entry_exit.go:219.2,221.42 2 0
cryptorun/internal/algo/momentum/entry_exit.go:221.42,227.3 1 0
cryptorun/internal/algo/momentum/entry_exit.go:229.2,233.3 1 0
cryptorun/internal/algo/momentum/entry_exit.go:237.91,239.31 2 0
cryptorun/internal/algo/momentum/entry_exit.go:239.31,245.3 1 0
cryptorun/internal/algo/momentum/entry_exit.go:247.2,249.46 2 0
cryptorun/internal/algo/momentum/entry_exit.go:249.46,255.3 1 0
cryptorun/internal/algo/momentum/entry_exit.go:257.2,261.3 1 0
cryptorun/internal/algo/momentum/entry_exit.go:265.149,279.2 4 0
cryptorun/internal/algo/momentum/entry_exit.go:282.78,290.2 2 0
cryptorun/internal/algo/momentum/entry_exit.go:293.77,301.2 2 0
cryptorun/internal/algo/momentum/entry_exit.go:304.78,313.2 3 0
cryptorun/internal/algo/momentum/entry_exit.go:316.77,324.2 2 0
cryptorun/internal/algo/momentum/entry_exit.go:327.74,336.2 2 0
cryptorun/internal/algo/momentum/entry_exit.go:339.78,348.2 2 0
cryptorun/internal/algo/momentum/entry_exit.go:351.76,359.2 2 0
cryptorun/internal/algo/momentum/entry_exit.go:362.84,364.30 1 0
cryptorun/internal/algo/momentum/entry_exit.go:364.30,366.3 1 0
cryptorun/internal/algo/momentum/entry_exit.go:367.2,367.33 1 0
cryptorun/internal/algo/momentum/entry_exit.go:367.33,369.3 1 0
cryptorun/internal/algo/momentum/entry_exit.go:370.2,370.26 1 0
cryptorun/internal/algo/momentum/entry_exit.go:370.26,372.3 1 0
cryptorun/internal/algo/momentum/entry_exit.go:373.2,373.28 1 0
cryptorun/internal/algo/momentum/entry_exit.go:373.28,375.3 1 0
cryptorun/internal/algo/momentum/entry_exit.go:376.2,376.27 1 0
cryptorun/internal/algo/momentum/entry_exit.go:376.27,378.3 1 0
cryptorun/internal/algo/momentum/entry_exit.go:379.2,379.26 1 0
cryptorun/internal/algo/momentum/entry_exit.go:379.26,381.3 1 0
cryptorun/internal/algo/momentum/entry_exit.go:382.2,382.30 1 0
cryptorun/internal/algo/momentum/entry_exit.go:382.30,384.3 1 0
cryptorun/internal/algo/momentum/entry_exit.go:386.2,386.22 1 0
cryptorun/internal/algo/momentum/entry_exit.go:390.49,391.22 1 0
cryptorun/internal/algo/momentum/entry_exit.go:391.22,393.3 1 0
cryptorun/internal/algo/momentum/entry_exit.go:395.2,396.27 2 0
cryptorun/internal/algo/momentum/entry_exit.go:396.27,398.3 1 0
cryptorun/internal/algo/momentum/entry_exit.go:399.2,399.35 1 0
cryptorun/internal/algo/momentum/entry_exit.go:403.58,404.26 1 0
cryptorun/internal/algo/momentum/entry_exit.go:404.26,406.3 1 0
cryptorun/internal/algo/momentum/entry_exit.go:410.2,411.50 2 0
cryptorun/internal/algo/momentum/entry_exit.go:411.50,412.13 1 0
cryptorun/internal/algo/momentum/entry_exit.go:412.13,413.12 1 0
cryptorun/internal/algo/momentum/entry_exit.go:416.3,420.20 2 0
cryptorun/internal/algo/momentum/entry_exit.go:420.20,423.4 2 0
cryptorun/internal/algo/momentum/entry_exit.go:426.2,426.30 1 0
cryptorun/internal/algo/momentum/entry_exit.go:430.60,431.24 1 0
cryptorun/internal/algo/momentum/entry_exit.go:431.24,433.3 1 0
cryptorun/internal/algo/momentum/entry_exit.go:436.2,437.30 2 0
cryptorun/internal/algo/momentum/entry_exit.go:437.30,439.3 1 0
cryptorun/internal/algo/momentum/entry_exit.go:442.2,443.35 2 0
cryptorun/internal/algo/momentum/entry_exit.go:443.35,444.22 1 0
cryptorun/internal/algo/momentum/entry_exit.go:444.22,446.4 1 0
cryptorun/internal/algo/momentum/entry_exit.go:450.2,450.22 1 0
cryptorun/internal/algo/momentum/entry_exit.go:450.22,452.3 1 0
cryptorun/internal/algo/momentum/entry_exit.go:454.2,457.28 3 0
cryptorun/internal/algo/momentum/entry_exit.go:457.28,459.3 1 0
cryptorun/internal/algo/momentum/entry_exit.go:460.2,463.18 2 0
cryptorun/internal/algo/momentum/entry_exit.go:463.18,465.3 1 0
cryptorun/internal/algo/momentum/entry_exit.go:467.2,467.12 1 0
cryptorun/internal/algo/momentum/entry_exit.go:471.32,472.11 1 0
cryptorun/internal/algo/momentum/entry_exit.go:472.11,474.3 1 0
cryptorun/internal/algo/momentum/entry_exit.go:475.2,475.10 1 0
cryptorun/internal/algo/momentum/guards.go:8.104,15.2 2 0
cryptorun/internal/algo/momentum/guards.go:18.109,21.31 2 0
cryptorun/internal/algo/momentum/guards.go:21.31,27.3 1 0
cryptorun/internal/algo/momentum/guards.go:30.2,32.19 3 0
cryptorun/internal/algo/momentum/guards.go:32.19,38.3 1 0
cryptorun/internal/algo/momentum/guards.go:40.2,43.55 2 0
cryptorun/internal/algo/momentum/guards.go:43.55,49.3 1 0
cryptorun/internal/algo/momentum/guards.go:52.2,53.31 2 0
cryptorun/internal/algo/momentum/guards.go:53.31,59.3 1 0
cryptorun/internal/algo/momentum/guards.go:62.2,65.47 2 0
cryptorun/internal/algo/momentum/guards.go:65.47,71.3 1 0
cryptorun/internal/algo/momentum/guards.go:74.2,74.65 1 0
cryptorun/internal/algo/momentum/guards.go:74.65,80.3 1 0
cryptorun/internal/algo/momentum/guards.go:83.2,87.3 1 0
cryptorun/internal/algo/momentum/guards.go:91.111,93.60 2 0
cryptorun/internal/algo/momentum/guards.go:93.60,99.3 1 0
cryptorun/internal/algo/momentum/guards.go:102.2,108.46 4 0
cryptorun/internal/algo/momentum/guards.go:108.46,114.3 1 0
cryptorun/internal/algo/momentum/guards.go:117.2,118.14 2 0
cryptorun/internal/algo/momentum/guards.go:118.14,124.3 1 0
cryptorun/internal/algo/momentum/guards.go:127.2,127.20 1 0
cryptorun/internal/algo/momentum/guards.go:127.20,131.31 3 0
cryptorun/internal/algo/momentum/guards.go:131.31,137.4 1 0
cryptorun/internal/algo/momentum/guards.go:140.2,144.3 1 0
cryptorun/internal/algo/momentum/guards.go:148.110,150.31 2 0
cryptorun/internal/algo/momentum/guards.go:150.31,156.3 1 0
cryptorun/internal/algo/momentum/guards.go:159.2,168.31 6 0
cryptorun/internal/algo/momentum/guards.go:168.31,174.3 1 0
cryptorun/internal/algo/momentum/guards.go:176.2,180.3 1 0
cryptorun/internal/algo/momentum/guards.go:184.29,185.11 1 0
cryptorun/internal/algo/momentum/guards.go:185.11,187.3 1 0
cryptorun/internal/algo/momentum/guards.go:188.2,188.10 1 0
cryptorun/internal/algo/momentum/orthogonal.go:29.89,33.2 1 0
cryptorun/internal/algo/momentum/orthogonal.go:36.101,37.55 1 0
cryptorun/internal/algo/momentum/orthogonal.go:37.55,39.3 1 0
cryptorun/internal/algo/momentum/orthogonal.go:41.2,53.34 4 0
cryptorun/internal/algo/momentum/orthogonal.go:53.34,55.3 1 0
cryptorun/internal/algo/momentum/orthogonal.go:58.2,59.34 2 0
cryptorun/internal/algo/momentum/orthogonal.go:59.34,62.3 2 0
cryptorun/internal/algo/momentum/orthogonal.go:65.2,69.16 3 0
cryptorun/internal/algo/momentum/orthogonal.go:69.16,71.3 1 0
cryptorun/internal/algo/momentum/orthogonal.go:74.2,83.20 3 0
cryptorun/internal/algo/momentum/orthogonal.go:87.133,93.34 4 0
cryptorun/internal/algo/momentum/orthogonal.go:93.34,95.35 2 0
cryptorun/internal/algo/momentum/orthogonal.go:95.35,97.4 1 0
cryptorun/internal/algo/momentum/orthogonal.go:101.2,104.34 2 0
cryptorun/internal/algo/momentum/orthogonal.go:104.34,106.43 1 0
cryptorun/internal/algo/momentum/orthogonal.go:106.43,107.12 1 0
cryptorun/internal/algo/momentum/orthogonal.go:111.3,111.26 1 0
cryptorun/internal/algo/momentum/orthogonal.go:111.26,113.36 2 0
cryptorun/internal/algo/momentum/orthogonal.go:113.36,115.5 1 0
cryptorun/internal/algo/momentum/orthogonal.go:119.3,120.15 2 0
cryptorun/internal/algo/momentum/orthogonal.go:120.15,121.36 1 0
cryptorun/internal/algo/momentum/orthogonal.go:121.36,123.5 1 0
cryptorun/internal/algo/momentum/orthogonal.go:128.2,128.34 1 0
cryptorun/internal/algo/momentum/orthogonal.go:128.34,129.35 1 0
cryptorun/internal/algo/momentum/orthogonal.go:129.35,131.4 1 0
cryptorun/internal/algo/momentum/orthogonal.go:134.2,134.12 1 0
cryptorun/internal/algo/momentum/orthogonal.go:138.90,141.33 2 0
cryptorun/internal/algo/momentum/orthogonal.go:141.33,142.50 1 0
cryptorun/internal/algo/momentum/orthogonal.go:142.50,143.55 1 0
cryptorun/internal/algo/momentum/orthogonal.go:143.55,145.10 2 0
cryptorun/internal/algo/momentum/orthogonal.go:150.2,150.16 1 0
cryptorun/internal/algo/momentum/orthogonal.go:154.98,156.2 1 0
cryptorun/internal/algo/momentum/orthogonal.go:159.73,160.22 1 0
cryptorun/internal/algo/momentum/orthogonal.go:160.22,162.3 1 0
cryptorun/internal/algo/momentum/orthogonal.go:164.2,167.23 3 0
cryptorun/internal/algo/momentum/orthogonal.go:167.23,169.3 1 0
cryptorun/internal/algo/momentum/orthogonal.go:171.2,174.30 3 0
cryptorun/internal/algo/momentum/orthogonal.go:174.30,176.3 1 0
cryptorun/internal/algo/momentum/orthogonal.go:178.2,178.19 1 0
cryptorun/internal/algo/momentum/orthogonal.go:182.74,183.22 1 0
cryptorun/internal/algo/momentum/orthogonal.go:183.22,185.3 1 0
cryptorun/internal/algo/momentum/orthogonal.go:187.2,188.30 2 0
cryptorun/internal/algo/momentum/orthogonal.go:188.30,190.3 1 0
cryptorun/internal/algo/momentum/orthogonal.go:191.2,191.12 1 0
cryptorun/internal/algo/momentum/orthogonal.go:195.65,197.24 2 0
cryptorun/internal/algo/momentum/orthogonal.go:197.24,199.3 1 0
cryptorun/internal/algo/momentum/orthogonal.go:200.2,200.23 1 0
cryptorun/internal/algo/momentum/orthogonal.go:204.105,210.34 4 0
cryptorun/internal/algo/momentum/orthogonal.go:210.34,212.35 2 0
cryptorun/internal/algo/momentum/orthogonal.go:212.35,214.4 1 0
cryptorun/internal/algo/momentum/orthogonal.go:215.3,215.39 1 0
cryptorun/internal/algo/momentum/orthogonal.go:219.2,219.34 1 0
cryptorun/internal/algo/momentum/orthogonal.go:219.34,220.35 1 0
cryptorun/internal/algo/momentum/orthogonal.go:220.35,221.14 1 0
cryptorun/internal/algo/momentum/orthogonal.go:221.14,223.13 2 0
cryptorun/internal/algo/momentum/orthogonal.go:227.4,231.36 4 0
cryptorun/internal/algo/momentum/orthogonal.go:231.36,238.5 5 0
cryptorun/internal/algo/momentum/orthogonal.go:241.4,241.38 1 0
cryptorun/internal/algo/momentum/orthogonal.go:241.38,243.5 1 0
cryptorun/internal/algo/momentum/orthogonal.go:243.10,245.5 1 0
cryptorun/internal/algo/momentum/orthogonal.go:251.104,258.34 4 0
cryptorun/internal/algo/momentum/orthogonal.go:258.34,261.35 2 0
cryptorun/internal/algo/momentum/orthogonal.go:261.35,263.4 1 0
cryptorun/internal/algo/momentum/orthogonal.go:264.3,268.35 3 0
cryptorun/internal/algo/momentum/orthogonal.go:268.35,271.4 2 0
cryptorun/internal/algo/momentum/orthogonal.go:272.3,275.34 3 0
cryptorun/internal/algo/momentum/orthogonal.go:279.2,279.23 1 0
cryptorun/internal/algo/momentum/orthogonal.go:279.23,280.35 1 0
cryptorun/internal/algo/momentum/orthogonal.go:280.35,282.4 1 0
cryptorun/internal/algo/momentum/orthogonal.go:291.42,293.2 1 0
cryptorun/internal/api/api.go:19.59,21.2 1 0
cryptorun/internal/api/api.go:23.70,25.2 1 0
cryptorun/internal/api/api.go:29.42,29.70 1 0
cryptorun/internal/api/api.go:31.56,31.81 1 0
cryptorun/internal/api/api.go:35.119,37.2 1 0
cryptorun/internal/application/metrics/health_pipeline.go:64.81,75.16 4 0
cryptorun/internal/application/metrics/health_pipeline.go:75.16,77.3 1 0
cryptorun/internal/application/metrics/health_pipeline.go:80.2,84.25 3 0
cryptorun/internal/application/metrics/health_pipeline.go:84.25,86.3 1 0
cryptorun/internal/application/metrics/health_pipeline.go:89.2,90.26 2 0
cryptorun/internal/application/metrics/health_pipeline.go:90.26,92.3 1 0
cryptorun/internal/application/metrics/health_pipeline.go:94.2,110.22 3 0
cryptorun/internal/application/metrics/health_pipeline.go:114.82,137.2 9 0
cryptorun/internal/application/metrics/health_pipeline.go:140.74,144.39 3 0
cryptorun/internal/application/metrics/health_pipeline.go:144.39,145.27 1 0
cryptorun/internal/application/metrics/health_pipeline.go:146.24,147.18 1 0
cryptorun/internal/application/metrics/health_pipeline.go:148.30,149.14 1 0
cryptorun/internal/application/metrics/health_pipeline.go:153.2,153.22 1 0
cryptorun/internal/application/metrics/health_pipeline.go:153.22,155.3 1 0
cryptorun/internal/application/metrics/health_pipeline.go:156.2,156.18 1 0
cryptorun/internal/application/metrics/health_pipeline.go:156.18,158.3 1 0
cryptorun/internal/application/metrics/health_pipeline.go:159.2,159.18 1 0
cryptorun/internal/application/metrics/health_pipeline.go:163.58,175.2 1 0
cryptorun/internal/application/metrics/health_pipeline.go:178.60,190.2 1 0
cryptorun/internal/application/metrics/health_pipeline.go:193.31,196.2 1 0
cryptorun/internal/application/metrics/health_pipeline.go:199.58,209.2 1 0
cryptorun/internal/application/metrics/health_pipeline.go:211.63,220.2 1 0
cryptorun/internal/application/metrics/health_pipeline.go:222.60,231.2 1 0
cryptorun/internal/application/metrics/health_pipeline.go:233.64,242.2 1 0
cryptorun/internal/application/metrics/health_pipeline.go:244.67,253.2 1 0
cryptorun/internal/application/metrics/health_pipeline.go:255.65,264.2 1 0
cryptorun/internal/application/metrics/health_pipeline.go:266.68,275.2 1 0
cryptorun/internal/application/universe/builder.go:42.40,42.65 1 0
cryptorun/internal/application/universe/builder.go:44.82,46.16 2 0
cryptorun/internal/application/universe/builder.go:46.16,48.3 1 0
cryptorun/internal/application/universe/builder.go:49.2,50.26 2 0
cryptorun/internal/application/universe/builder.go:50.26,51.73 1 0
cryptorun/internal/application/universe/builder.go:51.73,52.12 1 0
cryptorun/internal/application/universe/builder.go:54.3,54.26 1 0
cryptorun/internal/application/universe/builder.go:54.26,56.16 2 0
cryptorun/internal/application/universe/builder.go:57.55,58.13 1 0
cryptorun/internal/application/universe/builder.go:61.3,61.37 1 0
cryptorun/internal/application/universe/builder.go:61.37,62.12 1 0
cryptorun/internal/application/universe/builder.go:64.3,64.25 1 0
cryptorun/internal/application/universe/builder.go:64.25,66.25 2 0
cryptorun/internal/application/universe/builder.go:66.25,67.13 1 0
cryptorun/internal/application/universe/builder.go:70.3,70.27 1 0
cryptorun/internal/application/universe/builder.go:70.27,72.25 2 0
cryptorun/internal/application/universe/builder.go:72.25,73.13 1 0
cryptorun/internal/application/universe/builder.go:76.3,76.30 1 0
cryptorun/internal/application/universe/builder.go:78.2,78.19 1 0
cryptorun/internal/application/universe/builder.go:78.19,80.3 1 0
cryptorun/internal/application/universe/builder.go:81.2,81.61 1 0
cryptorun/internal/atomicio/atomicio.go:10.70,12.54 2 0
cryptorun/internal/atomicio/atomicio.go:12.54,14.3 1 0
cryptorun/internal/atomicio/atomicio.go:15.2,15.33 1 0
cryptorun/internal/artifacts/gc/apply.go:23.65,29.2 1 0
cryptorun/internal/artifacts/gc/apply.go:64.89,65.17 1 0
cryptorun/internal/artifacts/gc/apply.go:65.17,67.3 1 0
cryptorun/internal/artifacts/gc/apply.go:69.2,76.44 2 0
cryptorun/internal/artifacts/gc/apply.go:76.44,80.3 3 0
cryptorun/internal/artifacts/gc/apply.go:83.2,83.51 1 0
cryptorun/internal/artifacts/gc/apply.go:83.51,93.30 6 0
cryptorun/internal/artifacts/gc/apply.go:93.30,96.4 1 0
cryptorun/internal/artifacts/gc/apply.go:100.2,105.48 4 0
cryptorun/internal/artifacts/gc/apply.go:105.48,108.3 1 0
cryptorun/internal/artifacts/gc/apply.go:110.2,110.20 1 0
cryptorun/internal/artifacts/gc/apply.go:114.97,123.51 2 0
cryptorun/internal/artifacts/gc/apply.go:123.51,136.3 4 0
cryptorun/internal/artifacts/gc/apply.go:138.2,141.20 3 0
cryptorun/internal/artifacts/gc/apply.go:145.101,153.46 2 0
cryptorun/internal/artifacts/gc/apply.go:153.46,155.19 2 0
cryptorun/internal/artifacts/gc/apply.go:155.19,158.12 3 0
cryptorun/internal/artifacts/gc/apply.go:162.3,162.46 1 0
cryptorun/internal/artifacts/gc/apply.go:162.46,166.12 3 0
cryptorun/internal/artifacts/gc/apply.go:170.3,172.42 3 0
cryptorun/internal/artifacts/gc/apply.go:175.2,175.15 1 0
cryptorun/internal/artifacts/gc/apply.go:179.69,183.35 2 0
cryptorun/internal/artifacts/gc/apply.go:183.35,184.42 1 0
cryptorun/internal/artifacts/gc/apply.go:184.42,185.26 1 0
cryptorun/internal/artifacts/gc/apply.go:185.26,186.13 1 0
cryptorun/internal/artifacts/gc/apply.go:188.4,188.62 1 0
cryptorun/internal/artifacts/gc/apply.go:192.3,192.24 1 0
cryptorun/internal/artifacts/gc/apply.go:192.24,194.18 2 0
cryptorun/internal/artifacts/gc/apply.go:194.18,196.5 1 0
cryptorun/internal/artifacts/gc/apply.go:197.4,197.34 1 0
cryptorun/internal/artifacts/gc/apply.go:202.2,204.35 2 0
cryptorun/internal/artifacts/gc/apply.go:204.35,205.50 1 0
cryptorun/internal/artifacts/gc/apply.go:205.50,206.12 1 0
cryptorun/internal/artifacts/gc/apply.go:210.3,211.17 2 0
cryptorun/internal/artifacts/gc/apply.go:211.17,215.4 2 0
cryptorun/internal/artifacts/gc/apply.go:218.3,218.56 1 0
cryptorun/internal/artifacts/gc/apply.go:218.56,222.4 2 0
cryptorun/internal/artifacts/gc/apply.go:224.3,224.45 1 0
cryptorun/internal/artifacts/gc/apply.go:228.2,228.23 1 0
cryptorun/internal/artifacts/gc/apply.go:228.23,229.75 1 0
cryptorun/internal/artifacts/gc/apply.go:229.75,233.4 2 0
cryptorun/internal/artifacts/gc/apply.go:239.2,239.12 1 0
cryptorun/internal/artifacts/gc/apply.go:243.68,246.52 2 0
cryptorun/internal/artifacts/gc/apply.go:246.52,248.3 1 0
cryptorun/internal/artifacts/gc/apply.go:251.2,251.41 1 0
cryptorun/internal/artifacts/gc/apply.go:255.84,261.16 3 0
cryptorun/internal/artifacts/gc/apply.go:261.16,263.3 1 0
cryptorun/internal/artifacts/gc/apply.go:266.2,270.23 3 0
cryptorun/internal/artifacts/gc/apply.go:274.69,276.16 2 0
cryptorun/internal/artifacts/gc/apply.go:276.16,278.3 1 0
cryptorun/internal/artifacts/gc/apply.go:279.2,282.49 3 0
cryptorun/internal/artifacts/gc/apply.go:282.49,284.3 1 0
cryptorun/internal/artifacts/gc/apply.go:286.2,286.48 1 0
cryptorun/internal/artifacts/gc/apply.go:290.105,291.39 1 0
cryptorun/internal/artifacts/gc/apply.go:291.39,294.43 2 0
cryptorun/internal/artifacts/gc/apply.go:294.43,295.60 1 0
cryptorun/internal/artifacts/gc/apply.go:295.60,297.10 2 0
cryptorun/internal/artifacts/gc/apply.go:301.3,301.25 1 0
cryptorun/internal/artifacts/gc/apply.go:301.25,302.12 1 0
cryptorun/internal/artifacts/gc/apply.go:306.3,307.17 2 0
cryptorun/internal/artifacts/gc/apply.go:307.17,309.4 1 0
cryptorun/internal/artifacts/gc/apply.go:312.3,312.55 1 0
cryptorun/internal/artifacts/gc/apply.go:312.55,315.4 1 0
cryptorun/internal/artifacts/gc/apply.go:317.3,317.8 1 0
cryptorun/internal/artifacts/gc/apply.go:320.2,320.12 1 0
cryptorun/internal/artifacts/gc/apply.go:324.59,325.39 1 0
cryptorun/internal/artifacts/gc/apply.go:325.39,327.3 1 0
cryptorun/internal/artifacts/gc/apply.go:331.73,332.39 1 0
cryptorun/internal/artifacts/gc/apply.go:332.39,333.29 1 0
cryptorun/internal/artifacts/gc/apply.go:333.29,335.4 1 0
cryptorun/internal/artifacts/gc/apply.go:340.44,341.54 1 0
cryptorun/internal/artifacts/gc/apply.go:341.54,343.3 1 0
cryptorun/internal/artifacts/gc/apply.go:346.2,347.69 2 0
cryptorun/internal/artifacts/gc/apply.go:347.69,349.3 1 0
cryptorun/internal/artifacts/gc/apply.go:350.2,352.12 2 0
cryptorun/internal/artifacts/gc/apply.go:356.61,361.16 3 0
cryptorun/internal/artifacts/gc/apply.go:361.16,363.3 1 0
cryptorun/internal/artifacts/gc/apply.go:364.2,378.28 11 0
cryptorun/internal/artifacts/gc/apply.go:378.28,380.37 2 0
cryptorun/internal/artifacts/gc/apply.go:380.37,382.4 1 0
cryptorun/internal/artifacts/gc/apply.go:383.3,383.26 1 0
cryptorun/internal/artifacts/gc/apply.go:386.2,386.30 1 0
cryptorun/internal/artifacts/gc/apply.go:386.30,388.43 2 0
cryptorun/internal/artifacts/gc/apply.go:388.43,390.4 1 0
cryptorun/internal/artifacts/gc/apply.go:391.3,391.26 1 0
cryptorun/internal/artifacts/gc/apply.go:394.2,395.57 2 0
cryptorun/internal/artifacts/gc/apply.go:395.57,402.3 6 0
cryptorun/internal/artifacts/gc/apply.go:404.2,404.12 1 0
cryptorun/internal/artifacts/gc/plan.go:58.61,62.2 1 0
cryptorun/internal/artifacts/gc/plan.go:65.87,74.40 2 0
cryptorun/internal/artifacts/gc/plan.go:74.40,76.17 2 0
cryptorun/internal/artifacts/gc/plan.go:76.17,78.4 1 0
cryptorun/internal/artifacts/gc/plan.go:80.3,84.49 5 0
cryptorun/internal/artifacts/gc/plan.go:88.2,92.18 4 0
cryptorun/internal/artifacts/gc/plan.go:96.94,98.23 2 0
cryptorun/internal/artifacts/gc/plan.go:98.23,100.3 1 0
cryptorun/internal/artifacts/gc/plan.go:103.2,104.13 2 0
cryptorun/internal/artifacts/gc/plan.go:104.13,110.3 1 0
cryptorun/internal/artifacts/gc/plan.go:112.2,122.29 3 0
cryptorun/internal/artifacts/gc/plan.go:122.29,124.3 1 0
cryptorun/internal/artifacts/gc/plan.go:125.2,125.48 1 0
cryptorun/internal/artifacts/gc/plan.go:125.48,127.3 1 0
cryptorun/internal/artifacts/gc/plan.go:130.2,130.38 1 0
cryptorun/internal/artifacts/gc/plan.go:130.38,133.23 2 0
cryptorun/internal/artifacts/gc/plan.go:133.23,138.4 3 0
cryptorun/internal/artifacts/gc/plan.go:138.9,143.4 3 0
cryptorun/internal/artifacts/gc/plan.go:146.2,146.24 1 0
cryptorun/internal/artifacts/gc/plan.go:150.110,154.46 2 0
cryptorun/internal/artifacts/gc/plan.go:154.46,155.15 1 0
cryptorun/internal/artifacts/gc/plan.go:156.17,157.22 1 0
cryptorun/internal/artifacts/gc/plan.go:157.22,159.5 1 0
cryptorun/internal/artifacts/gc/plan.go:160.20,161.24 1 0
cryptorun/internal/artifacts/gc/plan.go:161.24,163.5 1 0
cryptorun/internal/artifacts/gc/plan.go:164.19,165.23 1 0
cryptorun/internal/artifacts/gc/plan.go:165.23,167.5 1 0
cryptorun/internal/artifacts/gc/plan.go:172.2,172.38 1 0
cryptorun/internal/artifacts/gc/plan.go:172.38,173.27 1 0
cryptorun/internal/artifacts/gc/plan.go:173.27,175.9 2 0
cryptorun/internal/artifacts/gc/plan.go:180.2,180.25 1 0
cryptorun/internal/artifacts/gc/plan.go:180.25,182.3 1 0
cryptorun/internal/artifacts/gc/plan.go:184.2,184.16 1 0
cryptorun/internal/artifacts/gc/plan.go:188.80,190.46 2 0
cryptorun/internal/artifacts/gc/plan.go:190.46,191.57 1 0
cryptorun/internal/artifacts/gc/plan.go:191.57,192.35 1 0
cryptorun/internal/artifacts/gc/plan.go:192.35,193.60 1 0
cryptorun/internal/artifacts/gc/plan.go:193.60,195.11 2 0
cryptorun/internal/artifacts/gc/plan.go:198.4,198.15 1 0
cryptorun/internal/artifacts/gc/plan.go:201.2,201.14 1 0
cryptorun/internal/artifacts/gc/plan.go:205.82,207.46 2 0
cryptorun/internal/artifacts/gc/plan.go:207.46,208.51 1 0
cryptorun/internal/artifacts/gc/plan.go:208.51,209.35 1 0
cryptorun/internal/artifacts/gc/plan.go:209.35,210.30 1 0
cryptorun/internal/artifacts/gc/plan.go:210.30,212.11 2 0
cryptorun/internal/artifacts/gc/plan.go:217.2,217.14 1 0
cryptorun/internal/artifacts/gc/plan.go:221.81,223.46 2 0
cryptorun/internal/artifacts/gc/plan.go:223.46,224.51 1 0
cryptorun/internal/artifacts/gc/plan.go:224.51,225.35 1 0
cryptorun/internal/artifacts/gc/plan.go:225.35,226.29 1 0
cryptorun/internal/artifacts/gc/plan.go:226.29,228.11 2 0
cryptorun/internal/artifacts/gc/plan.go:233.2,233.14 1 0
cryptorun/internal/artifacts/gc/plan.go:237.79,239.51 1 0
cryptorun/internal/artifacts/gc/plan.go:239.51,240.65 1 0
cryptorun/internal/artifacts/gc/plan.go:240.65,242.4 1 0
cryptorun/internal/artifacts/gc/plan.go:245.3,246.29 2 0
cryptorun/internal/artifacts/gc/plan.go:246.29,249.45 3 0
cryptorun/internal/artifacts/gc/plan.go:249.45,250.32 1 0
cryptorun/internal/artifacts/gc/plan.go:250.32,252.11 2 0
cryptorun/internal/artifacts/gc/plan.go:255.4,255.14 1 0
cryptorun/internal/artifacts/gc/plan.go:255.14,257.5 1 0
cryptorun/internal/artifacts/gc/plan.go:262.2,262.41 1 0
cryptorun/internal/artifacts/gc/plan.go:262.41,263.21 1 0
cryptorun/internal/artifacts/gc/plan.go:263.21,264.68 1 0
cryptorun/internal/artifacts/gc/plan.go:264.68,265.50 1 0
cryptorun/internal/artifacts/gc/plan.go:265.50,266.30 1 0
cryptorun/internal/artifacts/gc/plan.go:266.30,268.7 1 0
cryptorun/internal/artifacts/gc/plan.go:274.2,274.12 1 0
cryptorun/internal/artifacts/gc/plan.go:278.53,288.51 7 0
cryptorun/internal/artifacts/gc/plan.go:288.51,292.3 1 0
cryptorun/internal/artifacts/gc/plan.go:294.2,294.16 1 0
cryptorun/internal/artifacts/gc/plan.go:298.38,299.18 1 0
cryptorun/internal/artifacts/gc/plan.go:299.18,301.3 1 0
cryptorun/internal/artifacts/gc/plan.go:302.2,302.23 1 0
cryptorun/internal/artifacts/gc/plan.go:302.23,304.3 1 0
cryptorun/internal/artifacts/gc/plan.go:305.2,305.28 1 0
cryptorun/internal/artifacts/gc/plan.go:305.28,307.3 1 0
cryptorun/internal/artifacts/gc/plan.go:308.2,308.64 1 0
cryptorun/internal/application/regime/detector.go:52.42,72.2 12 0
cryptorun/internal/application/regime/detector.go:75.79,78.59 1 0
cryptorun/internal/application/regime/detector.go:78.59,80.3 1 0
cryptorun/internal/application/regime/detector.go:83.2,97.15 4 0
cryptorun/internal/application/regime/detector.go:101.83,105.59 1 0
cryptorun/internal/application/regime/detector.go:105.59,113.23 5 0
cryptorun/internal/application/regime/detector.go:113.23,115.4 1 0
cryptorun/internal/application/regime/detector.go:117.3,117.32 1 0
cryptorun/internal/application/regime/detector.go:121.2,121.57 1 0
cryptorun/internal/application/regime/detector.go:121.57,123.23 2 0
cryptorun/internal/application/regime/detector.go:123.23,125.4 1 0
cryptorun/internal/application/regime/detector.go:126.3,126.32 1 0
cryptorun/internal/application/regime/detector.go:130.2,135.57 1 0
cryptorun/internal/application/regime/detector.go:135.57,140.3 2 0
cryptorun/internal/application/regime/detector.go:143.2,143.23 1 0
cryptorun/internal/application/regime/detector.go:147.65,160.2 1 0
cryptorun/internal/application/regime/detector.go:163.63,165.2 1 0
cryptorun/internal/application/regime/detector.go:168.40,170.2 1 0
cryptorun/internal/artifacts/compact/jsonl.go:45.60,49.2 1 0
cryptorun/internal/artifacts/compact/jsonl.go:52.81,53.24 1 0
cryptorun/internal/artifacts/compact/jsonl.go:53.24,55.3 1 0
cryptorun/internal/artifacts/compact/jsonl.go:58.2,59.16 2 0
cryptorun/internal/artifacts/compact/jsonl.go:59.16,61.3 1 0
cryptorun/internal/artifacts/compact/jsonl.go:63.2,63.51 1 0
cryptorun/internal/artifacts/compact/jsonl.go:63.51,66.3 1 0
cryptorun/internal/artifacts/compact/jsonl.go:69.2,80.16 4 0
cryptorun/internal/artifacts/compact/jsonl.go:80.16,82.3 1 0
cryptorun/internal/artifacts/compact/jsonl.go:85.2,85.96 1 0
cryptorun/internal/artifacts/compact/jsonl.go:85.96,87.3 1 0
cryptorun/internal/artifacts/compact/jsonl.go:90.2,91.16 2 0
cryptorun/internal/artifacts/compact/jsonl.go:91.16,93.3 1 0
cryptorun/internal/artifacts/compact/jsonl.go:95.2,96.29 2 0
cryptorun/internal/artifacts/compact/jsonl.go:96.29,98.3 1 0
cryptorun/internal/artifacts/compact/jsonl.go:100.2,100.20 1 0
cryptorun/internal/artifacts/compact/jsonl.go:104.96,106.16 2 0
cryptorun/internal/artifacts/compact/jsonl.go:106.16,108.3 1 0
cryptorun/internal/artifacts/compact/jsonl.go:109.2,114.21 4 0
cryptorun/internal/artifacts/compact/jsonl.go:114.21,116.17 2 0
cryptorun/internal/artifacts/compact/jsonl.go:116.17,117.12 1 0
cryptorun/internal/artifacts/compact/jsonl.go:120.3,121.63 2 0
cryptorun/internal/artifacts/compact/jsonl.go:121.63,122.12 1 0
cryptorun/internal/artifacts/compact/jsonl.go:126.3,126.34 1 0
cryptorun/internal/artifacts/compact/jsonl.go:126.34,128.64 1 0
cryptorun/internal/artifacts/compact/jsonl.go:128.64,129.48 1 0
cryptorun/internal/artifacts/compact/jsonl.go:129.48,136.6 1 0
cryptorun/internal/artifacts/compact/jsonl.go:137.5,137.41 1 0
cryptorun/internal/artifacts/compact/jsonl.go:143.2,143.44 1 0
cryptorun/internal/artifacts/compact/jsonl.go:143.44,145.45 2 0
cryptorun/internal/artifacts/compact/jsonl.go:145.45,146.35 1 0
cryptorun/internal/artifacts/compact/jsonl.go:146.35,150.5 3 0
cryptorun/internal/artifacts/compact/jsonl.go:154.3,154.30 1 0
cryptorun/internal/artifacts/compact/jsonl.go:154.30,156.4 1 0
cryptorun/internal/artifacts/compact/jsonl.go:159.2,159.36 1 0
cryptorun/internal/artifacts/compact/jsonl.go:163.152,165.16 2 0
cryptorun/internal/artifacts/compact/jsonl.go:165.16,167.3 1 0
cryptorun/internal/artifacts/compact/jsonl.go:168.2,171.16 3 0
cryptorun/internal/artifacts/compact/jsonl.go:171.16,173.3 1 0
cryptorun/internal/artifacts/compact/jsonl.go:174.2,177.27 2 0
cryptorun/internal/artifacts/compact/jsonl.go:177.27,184.17 3 0
cryptorun/internal/artifacts/compact/jsonl.go:184.17,186.4 1 0
cryptorun/internal/artifacts/compact/jsonl.go:188.3,188.72 1 0
cryptorun/internal/artifacts/compact/jsonl.go:188.72,190.4 1 0
cryptorun/internal/artifacts/compact/jsonl.go:192.3,192.40 1 0
cryptorun/internal/artifacts/compact/jsonl.go:196.2,199.21 3 0
cryptorun/internal/artifacts/compact/jsonl.go:199.21,201.17 2 0
cryptorun/internal/artifacts/compact/jsonl.go:201.17,202.12 1 0
cryptorun/internal/artifacts/compact/jsonl.go:205.3,206.63 2 0
cryptorun/internal/artifacts/compact/jsonl.go:206.63,208.84 1 0
cryptorun/internal/artifacts/compact/jsonl.go:208.84,210.5 1 0
cryptorun/internal/artifacts/compact/jsonl.go:211.4,211.12 1 0
cryptorun/internal/artifacts/compact/jsonl.go:215.3,215.44 1 0
cryptorun/internal/artifacts/compact/jsonl.go:215.44,218.85 2 0
cryptorun/internal/artifacts/compact/jsonl.go:218.85,220.5 1 0
cryptorun/internal/artifacts/compact/jsonl.go:221.4,223.12 3 0
cryptorun/internal/artifacts/compact/jsonl.go:227.3,230.17 3 0
cryptorun/internal/artifacts/compact/jsonl.go:230.17,232.4 1 0
cryptorun/internal/artifacts/compact/jsonl.go:234.3,234.73 1 0
cryptorun/internal/artifacts/compact/jsonl.go:234.73,236.4 1 0
cryptorun/internal/artifacts/compact/jsonl.go:238.3,239.26 2 0
cryptorun/internal/artifacts/compact/jsonl.go:242.2,242.22 1 0
cryptorun/internal/artifacts/compact/jsonl.go:246.117,249.44 2 0
cryptorun/internal/artifacts/compact/jsonl.go:249.44,251.3 1 0
cryptorun/internal/artifacts/compact/jsonl.go:253.2,253.15 1 0
cryptorun/internal/artifacts/compact/jsonl.go:257.138,260.33 2 0
cryptorun/internal/artifacts/compact/jsonl.go:260.33,261.41 1 0
cryptorun/internal/artifacts/compact/jsonl.go:261.41,262.49 1 0
cryptorun/internal/artifacts/compact/jsonl.go:262.49,263.55 1 0
cryptorun/internal/artifacts/compact/jsonl.go:263.55,266.14 2 0
cryptorun/internal/artifacts/compact/jsonl.go:272.3,272.29 1 0
cryptorun/internal/artifacts/compact/jsonl.go:275.2,275.22 1 0
cryptorun/internal/artifacts/compact/jsonl.go:279.83,283.16 3 0
cryptorun/internal/artifacts/compact/jsonl.go:283.16,285.3 1 0
cryptorun/internal/artifacts/compact/jsonl.go:286.2,289.16 3 0
cryptorun/internal/artifacts/compact/jsonl.go:289.16,291.3 1 0
cryptorun/internal/artifacts/compact/jsonl.go:292.2,299.20 5 0
cryptorun/internal/artifacts/compact/jsonl.go:299.20,303.68 3 0
cryptorun/internal/artifacts/compact/jsonl.go:303.68,304.96 1 0
cryptorun/internal/artifacts/compact/jsonl.go:304.96,306.65 1 0
cryptorun/internal/artifacts/compact/jsonl.go:306.65,308.6 1 0
cryptorun/internal/artifacts/compact/jsonl.go:309.10,311.85 1 0
cryptorun/internal/artifacts/compact/jsonl.go:311.85,313.6 1 0
cryptorun/internal/artifacts/compact/jsonl.go:314.5,314.21 1 0
cryptorun/internal/artifacts/compact/jsonl.go:320.2,320.21 1 0
cryptorun/internal/artifacts/compact/jsonl.go:320.21,322.17 2 0
cryptorun/internal/artifacts/compact/jsonl.go:322.17,323.12 1 0
cryptorun/internal/artifacts/compact/jsonl.go:326.3,327.63 2 0
cryptorun/internal/artifacts/compact/jsonl.go:327.63,329.84 1 0
cryptorun/internal/artifacts/compact/jsonl.go:329.84,331.5 1 0
cryptorun/internal/artifacts/compact/jsonl.go:332.4,332.12 1 0
cryptorun/internal/artifacts/compact/jsonl.go:336.3,339.17 3 0
cryptorun/internal/artifacts/compact/jsonl.go:339.17,341.4 1 0
cryptorun/internal/artifacts/compact/jsonl.go:343.3,343.78 1 0
cryptorun/internal/artifacts/compact/jsonl.go:343.78,345.4 1 0
cryptorun/internal/artifacts/compact/jsonl.go:347.3,347.19 1 0
cryptorun/internal/artifacts/compact/jsonl.go:351.2,362.29 4 0
cryptorun/internal/artifacts/compact/jsonl.go:362.29,364.3 1 0
cryptorun/internal/artifacts/compact/jsonl.go:366.2,366.30 1 0
cryptorun/internal/artifacts/compact/jsonl.go:370.97,373.58 2 0
cryptorun/internal/artifacts/compact/jsonl.go:373.58,374.45 1 0
cryptorun/internal/artifacts/compact/jsonl.go:374.45,375.66 1 0
cryptorun/internal/artifacts/compact/jsonl.go:375.66,377.47 2 0
cryptorun/internal/artifacts/compact/jsonl.go:377.47,378.49 1 0
cryptorun/internal/artifacts/compact/jsonl.go:378.49,379.45 1 0
cryptorun/internal/artifacts/compact/jsonl.go:379.45,381.8 1 0
cryptorun/internal/artifacts/compact/jsonl.go:384.5,384.26 1 0
cryptorun/internal/artifacts/compact/jsonl.go:384.26,386.6 1 0
cryptorun/internal/artifacts/compact/jsonl.go:391.2,391.21 1 0
cryptorun/internal/artifacts/compact/jsonl.go:395.138,398.33 2 0
cryptorun/internal/artifacts/compact/jsonl.go:398.33,400.38 1 0
cryptorun/internal/artifacts/compact/jsonl.go:400.38,402.55 2 0
cryptorun/internal/artifacts/compact/jsonl.go:402.55,403.41 1 0
cryptorun/internal/artifacts/compact/jsonl.go:403.41,404.57 1 0
cryptorun/internal/artifacts/compact/jsonl.go:404.57,406.15 2 0
cryptorun/internal/artifacts/compact/jsonl.go:413.3,413.34 1 0
cryptorun/internal/artifacts/compact/jsonl.go:416.2,416.27 1 0
cryptorun/internal/artifacts/compact/jsonl.go:420.29,424.2 3 0
cryptorun/internal/artifacts/compact/jsonl.go:427.88,433.16 2 0
cryptorun/internal/artifacts/compact/jsonl.go:433.16,435.3 1 0
cryptorun/internal/artifacts/compact/jsonl.go:437.2,438.16 2 0
cryptorun/internal/artifacts/compact/jsonl.go:438.16,440.3 1 0
cryptorun/internal/artifacts/compact/jsonl.go:443.2,443.50 1 0
cryptorun/internal/artifacts/compact/jsonl.go:443.50,446.3 1 0
cryptorun/internal/artifacts/compact/jsonl.go:448.2,448.12 1 0
cryptorun/internal/artifacts/compact/md.go:37.69,41.2 1 0
cryptorun/internal/artifacts/compact/md.go:44.84,45.24 1 0
cryptorun/internal/artifacts/compact/md.go:45.24,47.3 1 0
cryptorun/internal/artifacts/compact/md.go:50.2,51.16 2 0
cryptorun/internal/artifacts/compact/md.go:51.16,53.3 1 0
cryptorun/internal/artifacts/compact/md.go:55.2,55.51 1 0
cryptorun/internal/artifacts/compact/md.go:55.51,58.3 1 0
cryptorun/internal/artifacts/compact/md.go:61.2,71.16 4 0
cryptorun/internal/artifacts/compact/md.go:71.16,73.3 1 0
cryptorun/internal/artifacts/compact/md.go:76.2,79.81 2 0
cryptorun/internal/artifacts/compact/md.go:79.81,81.3 1 0
cryptorun/internal/artifacts/compact/md.go:84.2,85.16 2 0
cryptorun/internal/artifacts/compact/md.go:85.16,87.3 1 0
cryptorun/internal/artifacts/compact/md.go:89.2,91.29 3 0
cryptorun/internal/artifacts/compact/md.go:91.29,93.3 1 0
cryptorun/internal/artifacts/compact/md.go:95.2,95.20 1 0
cryptorun/internal/artifacts/compact/md.go:99.89,101.16 2 0
cryptorun/internal/artifacts/compact/md.go:101.16,103.3 1 0
cryptorun/internal/artifacts/compact/md.go:104.2,115.21 8 0
cryptorun/internal/artifacts/compact/md.go:115.21,120.72 3 0
cryptorun/internal/artifacts/compact/md.go:120.72,122.29 1 0
cryptorun/internal/artifacts/compact/md.go:122.29,126.5 3 0
cryptorun/internal/artifacts/compact/md.go:129.4,140.34 4 0
cryptorun/internal/artifacts/compact/md.go:140.34,142.5 1 0
cryptorun/internal/artifacts/compact/md.go:142.10,144.5 1 0
cryptorun/internal/artifacts/compact/md.go:145.9,147.29 1 0
cryptorun/internal/artifacts/compact/md.go:147.29,155.5 1 0
cryptorun/internal/artifacts/compact/md.go:157.4,157.65 1 0
cryptorun/internal/artifacts/compact/md.go:162.2,162.27 1 0
cryptorun/internal/artifacts/compact/md.go:162.27,166.3 3 0
cryptorun/internal/artifacts/compact/md.go:168.2,168.32 1 0
cryptorun/internal/artifacts/compact/md.go:172.97,175.35 2 0
cryptorun/internal/artifacts/compact/md.go:175.35,177.55 1 0
cryptorun/internal/artifacts/compact/md.go:177.55,178.12 1 0
cryptorun/internal/artifacts/compact/md.go:182.3,183.50 2 0
cryptorun/internal/artifacts/compact/md.go:186.2,186.18 1 0
cryptorun/internal/artifacts/compact/md.go:190.93,196.39 3 0
cryptorun/internal/artifacts/compact/md.go:196.39,199.14 2 0
cryptorun/internal/artifacts/compact/md.go:199.14,202.29 2 0
cryptorun/internal/artifacts/compact/md.go:202.29,204.5 1 0
cryptorun/internal/artifacts/compact/md.go:205.9,211.4 3 0
cryptorun/internal/artifacts/compact/md.go:215.2,215.102 1 0
cryptorun/internal/artifacts/compact/md.go:215.102,217.3 1 0
cryptorun/internal/artifacts/compact/md.go:219.2,226.3 1 0
cryptorun/internal/artifacts/compact/md.go:230.62,237.34 2 0
cryptorun/internal/artifacts/compact/md.go:237.34,242.3 2 0
cryptorun/internal/artifacts/compact/md.go:244.2,244.13 1 0
cryptorun/internal/artifacts/compact/md.go:248.80,252.2 2 0
cryptorun/internal/artifacts/compact/md.go:255.75,256.31 1 0
cryptorun/internal/artifacts/compact/md.go:256.31,258.3 1 0
cryptorun/internal/artifacts/compact/md.go:261.2,261.44 1 0
cryptorun/internal/artifacts/compact/md.go:261.44,262.50 1 0
cryptorun/internal/artifacts/compact/md.go:262.50,264.4 1 0
cryptorun/internal/artifacts/compact/md.go:267.2,267.13 1 0
cryptorun/internal/artifacts/compact/md.go:271.106,273.16 2 0
cryptorun/internal/artifacts/compact/md.go:273.16,275.3 1 0
cryptorun/internal/artifacts/compact/md.go:276.2,279.34 2 0
cryptorun/internal/artifacts/compact/md.go:279.34,281.3 1 0
cryptorun/internal/artifacts/compact/md.go:283.2,283.35 1 0
cryptorun/internal/artifacts/compact/md.go:283.35,285.40 1 0
cryptorun/internal/artifacts/compact/md.go:285.40,287.4 1 0
cryptorun/internal/artifacts/compact/md.go:290.3,290.26 1 0
cryptorun/internal/artifacts/compact/md.go:290.26,292.4 1 0
cryptorun/internal/artifacts/compact/md.go:295.2,295.12 1 0
cryptorun/internal/artifacts/compact/md.go:299.70,301.16 2 0
cryptorun/internal/artifacts/compact/md.go:301.16,303.3 1 0
cryptorun/internal/artifacts/compact/md.go:306.2,308.35 2 0
cryptorun/internal/artifacts/compact/md.go:308.35,309.24 1 0
cryptorun/internal/artifacts/compact/md.go:309.24,311.4 1 0
cryptorun/internal/artifacts/compact/md.go:314.3,314.34 1 0
cryptorun/internal/artifacts/compact/md.go:314.34,316.4 1 0
cryptorun/internal/artifacts/compact/md.go:320.2,320.41 1 0
cryptorun/internal/artifacts/compact/md.go:320.41,321.44 1 0
cryptorun/internal/artifacts/compact/md.go:321.44,323.4 1 0
cryptorun/internal/artifacts/compact/md.go:326.2,326.12 1 0
cryptorun/internal/artifacts/compact/md.go:330.97,332.16 2 0
cryptorun/internal/artifacts/compact/md.go:332.16,334.3 1 0
cryptorun/internal/artifacts/compact/md.go:336.2,342.35 2 0
cryptorun/internal/artifacts/compact/md.go:342.35,343.22 1 0
cryptorun/internal/artifacts/compact/md.go:343.22,345.4 1 0
cryptorun/internal/artifacts/compact/md.go:347.3,347.54 1 0
cryptorun/internal/artifacts/compact/md.go:347.54,349.4 1 0
cryptorun/internal/artifacts/compact/md.go:353.2,357.23 3 0
cryptorun/internal/artifacts/compact/md.go:357.23,359.3 1 0
cryptorun/internal/artifacts/compact/md.go:361.2,361.21 1 0
cryptorun/internal/artifacts/manifest/io.go:19.37,24.2 1 0
cryptorun/internal/artifacts/manifest/io.go:27.41,28.60 1 0
cryptorun/internal/artifacts/manifest/io.go:28.60,30.3 1 0
cryptorun/internal/artifacts/manifest/io.go:32.2,33.16 2 0
cryptorun/internal/artifacts/manifest/io.go:33.16,35.3 1 0
cryptorun/internal/artifacts/manifest/io.go:36.2,40.50 4 0
cryptorun/internal/artifacts/manifest/io.go:40.50,42.3 1 0
cryptorun/internal/artifacts/manifest/io.go:45.2,47.23 2 0
cryptorun/internal/artifacts/manifest/io.go:51.46,54.47 2 0
cryptorun/internal/artifacts/manifest/io.go:54.47,56.3 1 0
cryptorun/internal/artifacts/manifest/io.go:59.2,59.42 1 0
cryptorun/internal/artifacts/manifest/io.go:59.42,61.3 1 0
cryptorun/internal/artifacts/manifest/io.go:64.2,71.16 4 0
cryptorun/internal/artifacts/manifest/io.go:71.16,73.3 1 0
cryptorun/internal/artifacts/manifest/io.go:74.2,74.15 1 0
cryptorun/internal/artifacts/manifest/io.go:74.15,77.3 2 0
cryptorun/internal/artifacts/manifest/io.go:80.2,82.49 3 0
cryptorun/internal/artifacts/manifest/io.go:82.49,84.3 1 0
cryptorun/internal/artifacts/manifest/io.go:87.2,87.40 1 0
cryptorun/internal/artifacts/manifest/io.go:87.40,89.3 1 0
[...]
cryptorun/src/infrastructure/data/facade.go:356.2,356.18 1 0
cryptorun/src/infrastructure/data/facade.go:360.41,367.46 5 0
cryptorun/src/infrastructure/data/facade.go:367.46,368.40 1 0
cryptorun/src/infrastructure/data/facade.go:368.40,370.4 1 0
cryptorun/src/infrastructure/data/facade.go:373.2,373.19 1 0
cryptorun/src/infrastructure/data/facade.go:373.19,375.3 1 0
cryptorun/src/infrastructure/data/facade.go:377.2,377.12 1 0
cryptorun/src/infrastructure/data/facade.go:382.97,385.2 1 0
cryptorun/src/infrastructure/data/facade.go:387.96,390.2 1 0
cryptorun/src/infrastructure/data/facade.go:392.87,395.2 1 0
cryptorun/src/infrastructure/data/facade.go:397.56,399.9 1 0
cryptorun/src/infrastructure/data/facade.go:399.9,401.3 1 0
cryptorun/src/infrastructure/data/facade.go:401.8,403.3 1 0
cryptorun/src/infrastructure/data/reconcile.go:52.65,54.30 1 0
cryptorun/src/infrastructure/data/reconcile.go:54.30,56.3 1 0
cryptorun/src/infrastructure/data/reconcile.go:57.2,57.28 1 0
cryptorun/src/infrastructure/data/reconcile.go:57.28,59.3 1 0
cryptorun/src/infrastructure/data/reconcile.go:60.2,60.29 1 0
cryptorun/src/infrastructure/data/reconcile.go:60.29,62.3 1 0
cryptorun/src/infrastructure/data/reconcile.go:63.2,63.37 1 0
cryptorun/src/infrastructure/data/reconcile.go:63.37,65.3 1 0
cryptorun/src/infrastructure/data/reconcile.go:67.2,69.3 1 0
cryptorun/src/infrastructure/data/reconcile.go:73.81,74.40 1 0
cryptorun/src/infrastructure/data/reconcile.go:74.40,76.3 1 0
cryptorun/src/infrastructure/data/reconcile.go:79.2,80.25 2 0
cryptorun/src/infrastructure/data/reconcile.go:80.25,82.3 1 0
cryptorun/src/infrastructure/data/reconcile.go:84.2,87.38 2 0
cryptorun/src/infrastructure/data/reconcile.go:87.38,89.17 2 0
cryptorun/src/infrastructure/data/reconcile.go:89.17,90.12 1 0
cryptorun/src/infrastructure/data/reconcile.go:92.3,92.47 1 0
cryptorun/src/infrastructure/data/reconcile.go:95.2,95.30 1 0
cryptorun/src/infrastructure/data/reconcile.go:95.30,97.3 1 0
cryptorun/src/infrastructure/data/reconcile.go:99.2,99.28 1 0
cryptorun/src/infrastructure/data/reconcile.go:103.79,107.31 2 0
cryptorun/src/infrastructure/data/reconcile.go:107.31,108.28 1 0
cryptorun/src/infrastructure/data/reconcile.go:108.28,110.4 1 0
cryptorun/src/infrastructure/data/reconcile.go:114.2,115.42 2 0
cryptorun/src/infrastructure/data/reconcile.go:115.42,116.35 1 0
cryptorun/src/infrastructure/data/reconcile.go:116.35,118.4 1 0
cryptorun/src/infrastructure/data/reconcile.go:122.2,122.40 1 0
cryptorun/src/infrastructure/data/reconcile.go:122.40,124.3 1 0
cryptorun/src/infrastructure/data/reconcile.go:126.2,126.14 1 0
cryptorun/src/infrastructure/data/reconcile.go:130.105,134.42 2 0
cryptorun/src/infrastructure/data/reconcile.go:134.42,135.34 1 0
cryptorun/src/infrastructure/data/reconcile.go:135.34,136.38 1 0
cryptorun/src/infrastructure/data/reconcile.go:136.38,138.10 2 0
cryptorun/src/infrastructure/data/reconcile.go:143.2,143.37 1 0
cryptorun/src/infrastructure/data/reconcile.go:143.37,145.3 1 0
cryptorun/src/infrastructure/data/reconcile.go:148.2,155.32 7 0
cryptorun/src/infrastructure/data/reconcile.go:155.32,162.3 6 0
cryptorun/src/infrastructure/data/reconcile.go:165.2,166.16 2 0
cryptorun/src/infrastructure/data/reconcile.go:166.16,168.3 1 0
cryptorun/src/infrastructure/data/reconcile.go:170.2,171.16 2 0
cryptorun/src/infrastructure/data/reconcile.go:171.16,173.3 1 0
cryptorun/src/infrastructure/data/reconcile.go:175.2,176.16 2 0
cryptorun/src/infrastructure/data/reconcile.go:176.16,178.3 1 0
cryptorun/src/infrastructure/data/reconcile.go:180.2,181.16 2 0
cryptorun/src/infrastructure/data/reconcile.go:181.16,183.3 1 0
cryptorun/src/infrastructure/data/reconcile.go:185.2,186.16 2 0
cryptorun/src/infrastructure/data/reconcile.go:186.16,188.3 1 0
cryptorun/src/infrastructure/data/reconcile.go:191.2,200.8 1 0
cryptorun/src/infrastructure/data/reconcile.go:204.110,205.40 1 0
cryptorun/src/infrastructure/data/reconcile.go:205.40,207.3 1 0
cryptorun/src/infrastructure/data/reconcile.go:210.2,214.37 4 0
cryptorun/src/infrastructure/data/reconcile.go:214.37,215.63 1 0
cryptorun/src/infrastructure/data/reconcile.go:215.63,219.4 3 0
cryptorun/src/infrastructure/data/reconcile.go:222.2,222.39 1 0
cryptorun/src/infrastructure/data/reconcile.go:222.39,224.3 1 0
cryptorun/src/infrastructure/data/reconcile.go:227.2,229.47 2 0
cryptorun/src/infrastructure/data/reconcile.go:229.47,231.3 1 0
cryptorun/src/infrastructure/data/reconcile.go:234.2,237.29 3 0
cryptorun/src/infrastructure/data/reconcile.go:237.29,240.3 2 0
cryptorun/src/infrastructure/data/reconcile.go:240.8,243.3 2 0
cryptorun/src/infrastructure/data/reconcile.go:246.2,250.47 3 0
cryptorun/src/infrastructure/data/reconcile.go:250.47,252.3 1 0
cryptorun/src/infrastructure/data/reconcile.go:254.2,265.8 1 0
cryptorun/src/infrastructure/data/reconcile.go:269.103,270.22 1 0
cryptorun/src/infrastructure/data/reconcile.go:270.22,272.3 1 0
cryptorun/src/infrastructure/data/reconcile.go:275.2,283.31 6 0
cryptorun/src/infrastructure/data/reconcile.go:283.31,285.41 2 0
cryptorun/src/infrastructure/data/reconcile.go:285.41,287.4 1 0
cryptorun/src/infrastructure/data/reconcile.go:287.9,288.28 1 0
cryptorun/src/infrastructure/data/reconcile.go:288.28,290.5 1 0
cryptorun/src/infrastructure/data/reconcile.go:294.2,294.39 1 0
cryptorun/src/infrastructure/data/reconcile.go:298.59,299.22 1 0
cryptorun/src/infrastructure/data/reconcile.go:299.22,301.3 1 0
cryptorun/src/infrastructure/data/reconcile.go:304.2,309.14 5 0
cryptorun/src/infrastructure/data/reconcile.go:309.14,312.3 1 0
cryptorun/src/infrastructure/data/reconcile.go:314.2,314.20 1 0
cryptorun/src/infrastructure/data/reconcile.go:318.64,319.22 1 0
cryptorun/src/infrastructure/data/reconcile.go:319.22,321.3 1 0
cryptorun/src/infrastructure/data/reconcile.go:324.2,330.32 5 0
cryptorun/src/infrastructure/data/reconcile.go:330.32,332.3 1 0
cryptorun/src/infrastructure/data/reconcile.go:333.2,333.19 1 0
cryptorun/src/infrastructure/data/reconcile.go:333.19,335.3 1 0
cryptorun/src/infrastructure/data/reconcile.go:338.2,340.18 3 0
cryptorun/src/infrastructure/data/reconcile.go:340.18,343.3 1 0
cryptorun/src/infrastructure/data/reconcile.go:346.2,348.31 3 0
cryptorun/src/infrastructure/data/reconcile.go:348.31,351.3 2 0
cryptorun/src/infrastructure/data/reconcile.go:353.2,353.16 1 0
cryptorun/src/infrastructure/data/reconcile.go:353.16,355.3 1 0
cryptorun/src/infrastructure/data/reconcile.go:357.2,357.29 1 0
cryptorun/src/infrastructure/data/reconcile.go:361.57,362.22 1 0
cryptorun/src/infrastructure/data/reconcile.go:362.22,364.3 1 0
cryptorun/src/infrastructure/data/reconcile.go:366.2,367.31 2 0
cryptorun/src/infrastructure/data/reconcile.go:367.31,369.3 1 0
cryptorun/src/infrastructure/data/reconcile.go:370.2,370.35 1 0
cryptorun/src/infrastructure/data/reconcile.go:374.70,375.22 1 0
cryptorun/src/infrastructure/data/reconcile.go:375.22,377.3 1 0
cryptorun/src/infrastructure/data/reconcile.go:379.2,382.31 3 0
cryptorun/src/infrastructure/data/reconcile.go:382.31,385.3 2 0
cryptorun/src/infrastructure/data/reconcile.go:387.2,388.28 2 0
cryptorun/src/infrastructure/data/reconcile.go:392.108,393.46 1 0
cryptorun/src/infrastructure/data/reconcile.go:393.46,395.3 1 0
cryptorun/src/infrastructure/data/reconcile.go:398.2,406.34 5 0
cryptorun/src/infrastructure/data/reconcile.go:410.59,412.2 1 0
cryptorun/src/infrastructure/data/streams.go:26.49,51.2 4 0
cryptorun/src/infrastructure/data/streams.go:54.76,58.14 3 0
cryptorun/src/infrastructure/data/streams.go:58.14,60.3 1 0
cryptorun/src/infrastructure/data/streams.go:62.2,62.33 1 0
cryptorun/src/infrastructure/data/streams.go:62.33,64.3 1 0
cryptorun/src/infrastructure/data/streams.go:67.2,70.12 3 0
cryptorun/src/infrastructure/data/streams.go:74.58,78.33 3 0
cryptorun/src/infrastructure/data/streams.go:78.33,80.3 1 0
cryptorun/src/infrastructure/data/streams.go:82.2,82.12 1 0
cryptorun/src/infrastructure/data/streams.go:86.44,88.2 1 0
cryptorun/src/infrastructure/data/streams.go:91.50,93.2 1 0
cryptorun/src/infrastructure/data/streams.go:96.40,98.2 1 0
cryptorun/src/infrastructure/data/streams.go:101.44,105.2 3 0
cryptorun/src/infrastructure/data/streams.go:108.36,112.14 3 0
cryptorun/src/infrastructure/data/streams.go:112.14,114.3 1 0
cryptorun/src/infrastructure/data/streams.go:116.2,124.12 7 0
cryptorun/src/infrastructure/data/streams.go:128.41,132.6 3 0
cryptorun/src/infrastructure/data/streams.go:132.6,133.10 1 0
cryptorun/src/infrastructure/data/streams.go:134.23,135.10 1 0
cryptorun/src/infrastructure/data/streams.go:136.19,139.23 3 0
cryptorun/src/infrastructure/data/streams.go:144.42,147.36 3 0
cryptorun/src/infrastructure/data/streams.go:147.36,149.3 1 0
cryptorun/src/infrastructure/data/streams.go:150.2,152.23 2 0
cryptorun/src/infrastructure/data/streams.go:152.23,154.3 1 0
cryptorun/src/infrastructure/data/streams.go:157.2,167.9 3 0
cryptorun/src/infrastructure/data/streams.go:168.27,170.36 2 0
cryptorun/src/infrastructure/data/streams.go:171.10,171.10 0 0
cryptorun/src/infrastructure/data/streams.go:176.41,179.36 3 0
cryptorun/src/infrastructure/data/streams.go:179.36,181.3 1 0
cryptorun/src/infrastructure/data/streams.go:182.2,184.23 2 0
cryptorun/src/infrastructure/data/streams.go:184.23,186.3 1 0
cryptorun/src/infrastructure/data/streams.go:188.2,203.9 3 0
cryptorun/src/infrastructure/data/streams.go:204.25,206.36 2 0
cryptorun/src/infrastructure/data/streams.go:207.10,207.10 0 0
cryptorun/src/infrastructure/data/streams.go:212.40,215.36 3 0
cryptorun/src/infrastructure/data/streams.go:215.36,217.3 1 0
cryptorun/src/infrastructure/data/streams.go:218.2,220.23 2 0
cryptorun/src/infrastructure/data/streams.go:220.23,222.3 1 0
cryptorun/src/infrastructure/data/streams.go:224.2,237.9 4 0
cryptorun/src/infrastructure/data/streams.go:238.23,240.36 2 0
cryptorun/src/infrastructure/data/streams.go:241.10,241.10 0 0
cryptorun/src/infrastructure/data/streams.go:260.91,277.2 4 0
cryptorun/src/infrastructure/data/streams.go:280.42,283.43 2 0
cryptorun/src/infrastructure/data/streams.go:283.43,285.32 2 0
cryptorun/src/infrastructure/data/streams.go:285.32,288.4 2 0
cryptorun/src/infrastructure/data/streams.go:291.2,291.11 1 0
cryptorun/src/infrastructure/data/streams.go:294.78,295.6 1 0
cryptorun/src/infrastructure/data/streams.go:295.6,296.10 1 0
cryptorun/src/infrastructure/data/streams.go:297.24,298.10 1 0
cryptorun/src/infrastructure/data/streams.go:299.39,300.11 1 0
cryptorun/src/infrastructure/data/streams.go:300.11,302.5 1 0
cryptorun/src/infrastructure/data/streams.go:303.4,303.11 1 0
cryptorun/src/infrastructure/data/streams.go:304.30,304.30 0 0
cryptorun/src/infrastructure/data/streams.go:305.25,306.11 1 0
cryptorun/src/infrastructure/data/streams.go:307.12,307.12 0 0
cryptorun/src/infrastructure/data/streams.go:310.37,311.11 1 0
cryptorun/src/infrastructure/data/streams.go:311.11,313.5 1 0
cryptorun/src/infrastructure/data/streams.go:314.4,314.11 1 0
cryptorun/src/infrastructure/data/streams.go:315.28,315.28 0 0
cryptorun/src/infrastructure/data/streams.go:316.25,317.11 1 0
cryptorun/src/infrastructure/data/streams.go:318.12,318.12 0 0
cryptorun/src/infrastructure/data/streams.go:321.35,322.11 1 0
cryptorun/src/infrastructure/data/streams.go:322.11,324.5 1 0
cryptorun/src/infrastructure/data/streams.go:325.4,325.11 1 0
cryptorun/src/infrastructure/data/streams.go:326.26,326.26 0 0
cryptorun/src/infrastructure/data/streams.go:327.25,328.11 1 0
cryptorun/src/infrastructure/data/streams.go:329.12,329.12 0 0
cryptorun/src/infrastructure/data/streams.go:337.84,339.2 1 0
cryptorun/src/infrastructure/data/streams.go:342.66,344.2 1 0
cryptorun/src/infrastructure/data/streams.go:347.52,349.2 1 0
cryptorun/src/infrastructure/data/streams.go:352.58,354.2 1 0
cryptorun/src/infrastructure/data/streams.go:357.48,359.2 1 0
cryptorun/src/infrastructure/data/streams.go:362.52,375.36 4 0
cryptorun/src/infrastructure/data/streams.go:375.36,377.30 2 0
cryptorun/src/infrastructure/data/streams.go:377.30,379.4 1 0
cryptorun/src/infrastructure/data/streams.go:380.3,384.57 4 0
cryptorun/src/infrastructure/data/streams.go:384.57,386.4 1 0
cryptorun/src/infrastructure/data/streams.go:390.2,390.25 1 0
cryptorun/src/infrastructure/data/streams.go:390.25,392.37 2 0
cryptorun/src/infrastructure/data/streams.go:392.37,394.4 1 0
cryptorun/src/infrastructure/data/streams.go:395.3,395.61 1 0
cryptorun/src/infrastructure/data/streams.go:398.2,398.15 1 0
cryptorun/src/infrastructure/data/streams.go:402.44,406.15 3 0
cryptorun/src/infrastructure/data/streams.go:406.15,408.3 1 0
cryptorun/src/infrastructure/data/streams.go:410.2,417.12 6 0
cryptorun/src/infrastructure/percentiles/engine.go:19.36,23.2 1 0
cryptorun/src/infrastructure/percentiles/engine.go:26.100,28.30 2 0
cryptorun/src/infrastructure/percentiles/engine.go:28.30,30.3 1 0
cryptorun/src/infrastructure/percentiles/engine.go:33.2,34.34 2 0
cryptorun/src/infrastructure/percentiles/engine.go:34.34,36.3 1 0
cryptorun/src/infrastructure/percentiles/engine.go:39.2,40.51 2 0
cryptorun/src/infrastructure/percentiles/engine.go:43.50,44.11 1 0
cryptorun/src/infrastructure/percentiles/engine.go:45.23,46.12 1 0
cryptorun/src/infrastructure/percentiles/engine.go:47.23,48.12 1 0
cryptorun/src/infrastructure/percentiles/engine.go:49.10,50.12 1 0
cryptorun/src/infrastructure/percentiles/engine.go:54.50,55.21 1 0
cryptorun/src/infrastructure/percentiles/engine.go:55.21,57.3 1 0
cryptorun/src/infrastructure/percentiles/engine.go:60.2,62.27 3 0
cryptorun/src/infrastructure/percentiles/engine.go:62.27,63.42 1 0
cryptorun/src/infrastructure/percentiles/engine.go:63.42,67.4 3 0
cryptorun/src/infrastructure/percentiles/engine.go:70.2,70.20 1 0
cryptorun/src/infrastructure/percentiles/engine.go:70.20,72.3 1 0
cryptorun/src/infrastructure/percentiles/engine.go:74.2,76.19 3 0
cryptorun/src/infrastructure/percentiles/engine.go:76.19,78.3 1 0
cryptorun/src/infrastructure/percentiles/engine.go:80.2,86.27 5 0
cryptorun/src/infrastructure/percentiles/engine.go:86.27,87.40 1 0
cryptorun/src/infrastructure/percentiles/engine.go:87.40,88.12 1 0
cryptorun/src/infrastructure/percentiles/engine.go:90.3,90.21 1 0
cryptorun/src/infrastructure/percentiles/engine.go:90.21,92.4 1 0
cryptorun/src/infrastructure/percentiles/engine.go:92.9,92.28 1 0
cryptorun/src/infrastructure/percentiles/engine.go:92.28,94.4 1 0
cryptorun/src/infrastructure/percentiles/engine.go:94.9,96.4 1 0
cryptorun/src/infrastructure/percentiles/engine.go:99.2,99.15 1 0
cryptorun/src/infrastructure/percentiles/engine.go:102.52,104.27 2 0
cryptorun/src/infrastructure/percentiles/engine.go:104.27,105.42 1 0
cryptorun/src/infrastructure/percentiles/engine.go:105.42,107.4 1 0
cryptorun/src/infrastructure/percentiles/engine.go:109.2,109.15 1 0
cryptorun/src/infrastructure/percentiles/engine.go:113.138,114.34 1 0
cryptorun/src/infrastructure/percentiles/engine.go:114.34,116.3 1 0
cryptorun/src/infrastructure/percentiles/engine.go:118.2,118.20 1 0
cryptorun/src/infrastructure/percentiles/engine.go:118.20,120.3 1 0
cryptorun/src/infrastructure/percentiles/engine.go:122.2,125.22 3 0
cryptorun/src/infrastructure/percentiles/engine.go:125.22,126.10 1 0
cryptorun/src/infrastructure/percentiles/engine.go:127.21,128.25 1 0
cryptorun/src/infrastructure/percentiles/engine.go:129.11,129.11 0 0
cryptorun/src/infrastructure/percentiles/engine.go:132.3,141.20 4 0
cryptorun/src/infrastructure/percentiles/engine.go:141.20,143.27 2 0
cryptorun/src/infrastructure/percentiles/engine.go:143.27,150.5 6 0
cryptorun/src/infrastructure/percentiles/engine.go:150.10,152.5 1 0
cryptorun/src/infrastructure/percentiles/engine.go:155.3,155.35 1 0
cryptorun/src/infrastructure/percentiles/engine.go:158.2,158.21 1 0
cryptorun/src/infrastructure/percentiles/engine.go:162.137,163.20 1 0
cryptorun/src/infrastructure/percentiles/engine.go:163.20,165.3 1 0
cryptorun/src/infrastructure/percentiles/engine.go:167.2,168.16 2 0
cryptorun/src/infrastructure/percentiles/engine.go:168.16,170.3 1 0
cryptorun/src/infrastructure/percentiles/engine.go:172.2,172.23 1 0
cryptorun/src/infrastructure/percentiles/engine.go:172.23,174.3 1 0
cryptorun/src/infrastructure/percentiles/engine.go:176.2,176.38 1 0
cryptorun/src/infrastructure/percentiles/engine.go:180.116,183.32 2 0
cryptorun/src/infrastructure/percentiles/engine.go:183.32,185.50 1 0
cryptorun/src/infrastructure/percentiles/engine.go:185.50,187.4 1 0
cryptorun/src/infrastructure/percentiles/engine.go:190.2,190.19 1 0
cryptorun/src/infrastructure/percentiles/engine.go:193.71,194.28 1 0
cryptorun/src/infrastructure/percentiles/engine.go:194.28,196.3 1 0
cryptorun/src/infrastructure/percentiles/engine.go:197.2,197.28 1 0
cryptorun/src/infrastructure/percentiles/engine.go:197.28,199.3 1 0
cryptorun/src/infrastructure/percentiles/engine.go:202.2,206.20 4 0
cryptorun/src/infrastructure/percentiles/engine.go:206.20,208.3 1 0
cryptorun/src/infrastructure/percentiles/engine.go:210.2,211.68 2 0
cryptorun/src/internal/artifacts/writer.go:16.50,17.36 1 1
cryptorun/src/internal/artifacts/writer.go:17.36,19.3 1 0
cryptorun/src/internal/artifacts/writer.go:21.2,26.16 5 1
cryptorun/src/internal/artifacts/writer.go:26.16,28.3 1 0
cryptorun/src/internal/artifacts/writer.go:30.2,30.55 1 1
cryptorun/src/internal/artifacts/writer.go:30.55,32.3 1 0
cryptorun/src/internal/artifacts/writer.go:34.2,34.12 1 1
cryptorun/src/internal/artifacts/writer.go:37.51,38.36 1 1
cryptorun/src/internal/artifacts/writer.go:38.36,40.3 1 0
cryptorun/src/internal/artifacts/writer.go:42.2,47.16 5 1
cryptorun/src/internal/artifacts/writer.go:47.16,49.3 1 0
cryptorun/src/internal/artifacts/writer.go:50.2,55.27 4 1
cryptorun/src/internal/artifacts/writer.go:55.27,56.43 1 1
cryptorun/src/internal/artifacts/writer.go:56.43,58.4 1 0
cryptorun/src/internal/artifacts/writer.go:61.2,61.12 1 1
cryptorun/src/internal/artifacts/writer.go:64.24,66.2 1 1
cryptorun/tests/internal/testpaths/testpaths.go:11.24,13.9 2 0
cryptorun/tests/internal/testpaths/testpaths.go:13.9,14.47 1 0
cryptorun/tests/internal/testpaths/testpaths.go:17.2,18.6 2 0
cryptorun/tests/internal/testpaths/testpaths.go:18.6,19.66 1 0
cryptorun/tests/internal/testpaths/testpaths.go:19.66,21.4 1 0
cryptorun/tests/internal/testpaths/testpaths.go:23.3,24.20 2 0
cryptorun/tests/internal/testpaths/testpaths.go:24.20,25.53 1 0
cryptorun/tests/internal/testpaths/testpaths.go:27.3,27.15 1 0
cryptorun/tests/internal/testpaths/testpaths.go:32.38,36.2 3 0
cryptorun/tests/internal/testpaths/testpaths.go:39.35,41.16 2 0
cryptorun/tests/internal/testpaths/testpaths.go:41.16,42.57 1 0
cryptorun/tests/internal/testpaths/testpaths.go:44.2,44.13 1 0
cryptorun/tests/internal/testpaths/testpaths.go:48.52,50.47 2 0
cryptorun/tests/internal/testpaths/testpaths.go:50.47,51.62 1 0
cryptorun/tests/internal/testpaths/testpaths.go:54.2,55.58 2 0
cryptorun/tests/internal/testpaths/testpaths.go:55.58,56.61 1 0
cryptorun/tests/internal/testpaths/testpaths.go:59.2,59.49 1 0
cryptorun/tests/internal/testpaths/testpaths.go:59.49,60.74 1 0
cryptorun/tests/internal/testpaths/testpaths.go:65.36,67.2 1 0
cryptorun/tests/internal/testpaths/testpaths.go:70.40,71.27 1 0
cryptorun/tests/internal/testpaths/testpaths.go:71.27,73.17 2 0
cryptorun/tests/internal/testpaths/testpaths.go:73.17,74.75 1 0
cryptorun/tests/internal/testpaths/testpaths.go:76.3,76.13 1 0
cryptorun/tests/internal/testpaths/testpaths.go:78.2,78.29 1 0
cryptorun/tests/internal/testpaths/testpaths.go:82.42,84.16 2 0
cryptorun/tests/internal/testpaths/testpaths.go:84.16,85.59 1 0
cryptorun/tests/internal/testpaths/testpaths.go:87.2,87.12 1 0
cryptorun/tools/buildstamp/main.go:8.13,11.16 2 0
cryptorun/tools/buildstamp/main.go:11.16,14.3 2 0
cryptorun/tools/buildstamp/main.go:15.2,16.59 2 0
cryptorun/ui/table.go:7.53,10.2 2 0
cryptorun/ui/table.go:21.4,23.25 2 0
cryptorun/ui/table.go:23.25,25.28 2 0
cryptorun/ui/table.go:29.5,31.52 2 0
cryptorun/ui/table.go:32.11,35.16 2 0
cryptorun/ui/table.go:37.3,37.112 1 0
